{"/home/runner/work/CabaneApuseni/CabaneApuseni/lib/auth.ts": {"path":"/home/runner/work/CabaneApuseni/CabaneApuseni/lib/auth.ts","statementMap":{"0":{"start":{"line":19,"column":0},"end":{"line":19,"column":7}},"1":{"start":{"line":36,"column":0},"end":{"line":36,"column":7}},"2":{"start":{"line":41,"column":0},"end":{"line":41,"column":7}},"3":{"start":{"line":1,"column":0},"end":{"line":1,"column":null}},"4":{"start":{"line":7,"column":0},"end":{"line":7,"column":66}},"5":{"start":{"line":8,"column":0},"end":{"line":8,"column":38}},"6":{"start":{"line":25,"column":19},"end":{"line":25,"column":78}},"7":{"start":{"line":26,"column":2},"end":{"line":32,"column":5}},"8":{"start":{"line":33,"column":2},"end":{"line":33,"column":14}},"9":{"start":{"line":37,"column":19},"end":{"line":37,"column":74}},"10":{"start":{"line":38,"column":2},"end":{"line":38,"column":14}},"11":{"start":{"line":42,"column":2},"end":{"line":42,"column":30}}},"fnMap":{"0":{"name":"signUp","decl":{"start":{"line":19,"column":22},"end":{"line":19,"column":28}},"loc":{"start":{"line":23,"column":25},"end":{"line":34,"column":1}}},"1":{"name":"signIn","decl":{"start":{"line":36,"column":22},"end":{"line":36,"column":28}},"loc":{"start":{"line":36,"column":60},"end":{"line":39,"column":1}}},"2":{"name":"signOut","decl":{"start":{"line":41,"column":22},"end":{"line":41,"column":29}},"loc":{"start":{"line":41,"column":29},"end":{"line":43,"column":1}}}},"branchMap":{},"s":{"0":0,"1":0,"2":0,"3":0,"4":0,"5":0,"6":0,"7":0,"8":0,"9":0,"10":0,"11":0},"f":{"0":0,"1":0,"2":0},"b":{}}
,"/home/runner/work/CabaneApuseni/CabaneApuseni/lib/constants.ts": {"path":"/home/runner/work/CabaneApuseni/CabaneApuseni/lib/constants.ts","statementMap":{"0":{"start":{"line":7,"column":13},"end":{"line":24,"column":2}}},"fnMap":{},"branchMap":{},"s":{"0":0},"f":{},"b":{}}
,"/home/runner/work/CabaneApuseni/CabaneApuseni/lib/env.ts": {"path":"/home/runner/work/CabaneApuseni/CabaneApuseni/lib/env.ts","statementMap":{"0":{"start":{"line":48,"column":0},"end":{"line":48,"column":16}},"1":{"start":{"line":72,"column":0},"end":{"line":72,"column":16}},"2":{"start":{"line":6,"column":0},"end":{"line":6,"column":24}},"3":{"start":{"line":8,"column":21},"end":{"line":16,"column":2}},"4":{"start":{"line":18,"column":21},"end":{"line":23,"column":2}},"5":{"start":{"line":31,"column":17},"end":{"line":31,"column":41}},"6":{"start":{"line":32,"column":2},"end":{"line":35,"column":3}},"7":{"start":{"line":33,"column":20},"end":{"line":33,"column":79}},"8":{"start":{"line":33,"column":51},"end":{"line":33,"column":67}},"9":{"start":{"line":34,"column":4},"end":{"line":34,"column":78}},"10":{"start":{"line":36,"column":2},"end":{"line":36,"column":36}},"11":{"start":{"line":49,"column":2},"end":{"line":49,"column":36}},"12":{"start":{"line":49,"column":18},"end":{"line":49,"column":36}},"13":{"start":{"line":50,"column":14},"end":{"line":58,"column":14}},"14":{"start":{"line":59,"column":2},"end":{"line":59,"column":19}},"15":{"start":{"line":60,"column":2},"end":{"line":60,"column":13}},"16":{"start":{"line":63,"column":13},"end":{"line":67,"column":3}},"17":{"start":{"line":65,"column":4},"end":{"line":65,"column":51}},"18":{"start":{"line":73,"column":2},"end":{"line":80,"column":15}}},"fnMap":{"0":{"name":"parseEnv","decl":{"start":{"line":26,"column":9},"end":{"line":26,"column":17}},"loc":{"start":{"line":29,"column":15},"end":{"line":37,"column":1}}},"1":{"name":"(anonymous_1)","decl":{"start":{"line":33,"column":44},"end":{"line":33,"column":45}},"loc":{"start":{"line":33,"column":51},"end":{"line":33,"column":67}}},"2":{"name":"getClientEnv","decl":{"start":{"line":48,"column":16},"end":{"line":48,"column":28}},"loc":{"start":{"line":48,"column":28},"end":{"line":61,"column":1}}},"3":{"name":"(anonymous_3)","decl":{"start":{"line":64,"column":2},"end":{"line":64,"column":5}},"loc":{"start":{"line":64,"column":19},"end":{"line":66,"column":3}}},"4":{"name":"getServerEnv","decl":{"start":{"line":72,"column":16},"end":{"line":72,"column":28}},"loc":{"start":{"line":72,"column":28},"end":{"line":81,"column":1}}}},"branchMap":{"0":{"loc":{"start":{"line":32,"column":2},"end":{"line":35,"column":3}},"type":"if","locations":[{"start":{"line":32,"column":2},"end":{"line":35,"column":3}}]},"1":{"loc":{"start":{"line":49,"column":2},"end":{"line":49,"column":36}},"type":"if","locations":[{"start":{"line":49,"column":2},"end":{"line":49,"column":36}}]},"2":{"loc":{"start":{"line":75,"column":6},"end":{"line":76,"column":49}},"type":"binary-expr","locations":[{"start":{"line":75,"column":6},"end":{"line":75,"column":37}},{"start":{"line":76,"column":6},"end":{"line":76,"column":49}}]}},"s":{"0":4,"1":4,"2":4,"3":4,"4":4,"5":0,"6":0,"7":0,"8":0,"9":0,"10":0,"11":0,"12":0,"13":0,"14":0,"15":0,"16":4,"17":0,"18":0},"f":{"0":0,"1":0,"2":0,"3":0,"4":0},"b":{"0":[0],"1":[0],"2":[0,0]}}
,"/home/runner/work/CabaneApuseni/CabaneApuseni/lib/firebase.ts": {"path":"/home/runner/work/CabaneApuseni/CabaneApuseni/lib/firebase.ts","statementMap":{"0":{"start":{"line":1,"column":0},"end":{"line":1,"column":62}},"1":{"start":{"line":2,"column":0},"end":{"line":2,"column":40}},"2":{"start":{"line":3,"column":0},"end":{"line":3,"column":50}},"3":{"start":{"line":4,"column":0},"end":{"line":4,"column":46}},"4":{"start":{"line":5,"column":0},"end":{"line":5,"column":38}},"5":{"start":{"line":7,"column":23},"end":{"line":14,"column":2}},"6":{"start":{"line":17,"column":12},"end":{"line":17,"column":75}},"7":{"start":{"line":19,"column":13},"end":{"line":19,"column":36}},"8":{"start":{"line":20,"column":13},"end":{"line":20,"column":41}},"9":{"start":{"line":21,"column":13},"end":{"line":21,"column":39}},"10":{"start":{"line":23,"column":0},"end":{"line":23,"column":19}}},"fnMap":{},"branchMap":{"0":{"loc":{"start":{"line":17,"column":12},"end":{"line":17,"column":75}},"type":"cond-expr","locations":[{"start":{"line":17,"column":35},"end":{"line":17,"column":43}},{"start":{"line":17,"column":46},"end":{"line":17,"column":75}}]}},"s":{"0":0,"1":0,"2":0,"3":0,"4":0,"5":0,"6":0,"7":0,"8":0,"9":0,"10":0},"f":{},"b":{"0":[0,0]}}
,"/home/runner/work/CabaneApuseni/CabaneApuseni/lib/firestore.ts": {"path":"/home/runner/work/CabaneApuseni/CabaneApuseni/lib/firestore.ts","statementMap":{"0":{"start":{"line":108,"column":0},"end":{"line":108,"column":7}},"1":{"start":{"line":116,"column":0},"end":{"line":116,"column":7}},"2":{"start":{"line":145,"column":0},"end":{"line":145,"column":7}},"3":{"start":{"line":151,"column":0},"end":{"line":151,"column":7}},"4":{"start":{"line":162,"column":0},"end":{"line":162,"column":7}},"5":{"start":{"line":172,"column":0},"end":{"line":172,"column":7}},"6":{"start":{"line":181,"column":0},"end":{"line":181,"column":7}},"7":{"start":{"line":208,"column":0},"end":{"line":208,"column":7}},"8":{"start":{"line":214,"column":0},"end":{"line":214,"column":7}},"9":{"start":{"line":229,"column":0},"end":{"line":229,"column":16}},"10":{"start":{"line":240,"column":0},"end":{"line":240,"column":16}},"11":{"start":{"line":259,"column":0},"end":{"line":259,"column":7}},"12":{"start":{"line":271,"column":0},"end":{"line":271,"column":7}},"13":{"start":{"line":293,"column":0},"end":{"line":293,"column":7}},"14":{"start":{"line":299,"column":0},"end":{"line":299,"column":7}},"15":{"start":{"line":311,"column":0},"end":{"line":311,"column":7}},"16":{"start":{"line":321,"column":0},"end":{"line":321,"column":7}},"17":{"start":{"line":329,"column":0},"end":{"line":329,"column":7}},"18":{"start":{"line":344,"column":0},"end":{"line":344,"column":7}},"19":{"start":{"line":354,"column":0},"end":{"line":354,"column":7}},"20":{"start":{"line":365,"column":0},"end":{"line":365,"column":7}},"21":{"start":{"line":369,"column":0},"end":{"line":369,"column":7}},"22":{"start":{"line":1,"column":0},"end":{"line":1,"column":null}},"23":{"start":{"line":19,"column":0},"end":{"line":19,"column":32}},"24":{"start":{"line":109,"column":15},"end":{"line":109,"column":50}},"25":{"start":{"line":110,"column":2},"end":{"line":110,"column":34}},"26":{"start":{"line":110,"column":22},"end":{"line":110,"column":34}},"27":{"start":{"line":111,"column":2},"end":{"line":111,"column":36}},"28":{"start":{"line":122,"column":2},"end":{"line":139,"column":3}},"29":{"start":{"line":123,"column":4},"end":{"line":130,"column":6}},"30":{"start":{"line":132,"column":4},"end":{"line":138,"column":6}},"31":{"start":{"line":140,"column":19},"end":{"line":140,"column":35}},"32":{"start":{"line":141,"column":17},"end":{"line":141,"column":79}},"33":{"start":{"line":141,"column":43},"end":{"line":141,"column":78}},"34":{"start":{"line":142,"column":2},"end":{"line":142,"column":78}},"35":{"start":{"line":146,"column":15},"end":{"line":146,"column":50}},"36":{"start":{"line":147,"column":2},"end":{"line":147,"column":34}},"37":{"start":{"line":147,"column":22},"end":{"line":147,"column":34}},"38":{"start":{"line":148,"column":2},"end":{"line":148,"column":50}},"39":{"start":{"line":152,"column":19},"end":{"line":157,"column":null}},"40":{"start":{"line":159,"column":2},"end":{"line":159,"column":72}},"41":{"start":{"line":159,"column":35},"end":{"line":159,"column":70}},"42":{"start":{"line":165,"column":14},"end":{"line":168,"column":4}},"43":{"start":{"line":169,"column":2},"end":{"line":169,"column":16}},"44":{"start":{"line":176,"column":2},"end":{"line":176,"column":63}},"45":{"start":{"line":187,"column":19},"end":{"line":193,"column":null}},"46":{"start":{"line":195,"column":2},"end":{"line":195,"column":50}},"47":{"start":{"line":195,"column":23},"end":{"line":195,"column":50}},"48":{"start":{"line":197,"column":14},"end":{"line":204,"column":4}},"49":{"start":{"line":205,"column":2},"end":{"line":205,"column":16}},"50":{"start":{"line":209,"column":15},"end":{"line":209,"column":57}},"51":{"start":{"line":210,"column":2},"end":{"line":210,"column":34}},"52":{"start":{"line":210,"column":22},"end":{"line":210,"column":34}},"53":{"start":{"line":211,"column":2},"end":{"line":211,"column":57}},"54":{"start":{"line":218,"column":16},"end":{"line":218,"column":56}},"55":{"start":{"line":219,"column":19},"end":{"line":224,"column":null}},"56":{"start":{"line":226,"column":2},"end":{"line":226,"column":79}},"57":{"start":{"line":226,"column":35},"end":{"line":226,"column":77}},"58":{"start":{"line":233,"column":2},"end":{"line":235,"column":5}},"59":{"start":{"line":234,"column":4},"end":{"line":234,"column":87}},"60":{"start":{"line":244,"column":2},"end":{"line":256,"column":4}},"61":{"start":{"line":250,"column":6},"end":{"line":254,"column":8}},"62":{"start":{"line":252,"column":23},"end":{"line":252,"column":60}},"63":{"start":{"line":253,"column":25},"end":{"line":253,"column":34}},"64":{"start":{"line":263,"column":2},"end":{"line":266,"column":4}},"65":{"start":{"line":278,"column":16},"end":{"line":278,"column":30}},"66":{"start":{"line":279,"column":2},"end":{"line":279,"column":81}},"67":{"start":{"line":280,"column":21},"end":{"line":280,"column":52}},"68":{"start":{"line":281,"column":2},"end":{"line":288,"column":5}},"69":{"start":{"line":289,"column":2},"end":{"line":289,"column":23}},"70":{"start":{"line":290,"column":2},"end":{"line":290,"column":23}},"71":{"start":{"line":294,"column":2},"end":{"line":294,"column":84}},"72":{"start":{"line":302,"column":19},"end":{"line":303,"column":null}},"73":{"start":{"line":305,"column":2},"end":{"line":305,"column":34}},"74":{"start":{"line":305,"column":22},"end":{"line":305,"column":34}},"75":{"start":{"line":306,"column":2},"end":{"line":306,"column":76}},"76":{"start":{"line":314,"column":2},"end":{"line":318,"column":5}},"77":{"start":{"line":322,"column":19},"end":{"line":323,"column":null}},"78":{"start":{"line":325,"column":2},"end":{"line":325,"column":34}},"79":{"start":{"line":325,"column":22},"end":{"line":325,"column":34}},"80":{"start":{"line":326,"column":2},"end":{"line":326,"column":75}},"81":{"start":{"line":331,"column":19},"end":{"line":337,"column":null}},"82":{"start":{"line":339,"column":2},"end":{"line":339,"column":73}},"83":{"start":{"line":339,"column":35},"end":{"line":339,"column":71}},"84":{"start":{"line":347,"column":2},"end":{"line":351,"column":5}},"85":{"start":{"line":355,"column":19},"end":{"line":360,"column":null}},"86":{"start":{"line":362,"column":2},"end":{"line":362,"column":73}},"87":{"start":{"line":362,"column":35},"end":{"line":362,"column":71}},"88":{"start":{"line":366,"column":2},"end":{"line":366,"column":72}},"89":{"start":{"line":374,"column":16},"end":{"line":374,"column":30}},"90":{"start":{"line":375,"column":19},"end":{"line":375,"column":67}},"91":{"start":{"line":376,"column":2},"end":{"line":376,"column":63}},"92":{"start":{"line":377,"column":2},"end":{"line":377,"column":69}},"93":{"start":{"line":378,"column":2},"end":{"line":378,"column":23}}},"fnMap":{"0":{"name":"getUserProfile","decl":{"start":{"line":108,"column":22},"end":{"line":108,"column":36}},"loc":{"start":{"line":108,"column":48},"end":{"line":112,"column":1}}},"1":{"name":"getPublishedCabins","decl":{"start":{"line":116,"column":22},"end":{"line":116,"column":40}},"loc":{"start":{"line":118,"column":15},"end":{"line":143,"column":1}}},"2":{"name":"(anonymous_2)","decl":{"start":{"line":141,"column":35},"end":{"line":141,"column":36}},"loc":{"start":{"line":141,"column":43},"end":{"line":141,"column":78}}},"3":{"name":"getCabin","decl":{"start":{"line":145,"column":22},"end":{"line":145,"column":30}},"loc":{"start":{"line":145,"column":41},"end":{"line":149,"column":1}}},"4":{"name":"getOwnerCabins","decl":{"start":{"line":151,"column":22},"end":{"line":151,"column":36}},"loc":{"start":{"line":151,"column":52},"end":{"line":160,"column":1}}},"5":{"name":"(anonymous_5)","decl":{"start":{"line":159,"column":27},"end":{"line":159,"column":28}},"loc":{"start":{"line":159,"column":35},"end":{"line":159,"column":70}}},"6":{"name":"createCabin","decl":{"start":{"line":162,"column":22},"end":{"line":162,"column":33}},"loc":{"start":{"line":163,"column":39},"end":{"line":170,"column":1}}},"7":{"name":"updateCabin","decl":{"start":{"line":172,"column":22},"end":{"line":172,"column":33}},"loc":{"start":{"line":174,"column":48},"end":{"line":177,"column":1}}},"8":{"name":"getOrCreateConversation","decl":{"start":{"line":181,"column":22},"end":{"line":181,"column":45}},"loc":{"start":{"line":185,"column":20},"end":{"line":206,"column":1}}},"9":{"name":"getConversation","decl":{"start":{"line":208,"column":22},"end":{"line":208,"column":37}},"loc":{"start":{"line":208,"column":48},"end":{"line":212,"column":1}}},"10":{"name":"getUserConversations","decl":{"start":{"line":214,"column":22},"end":{"line":214,"column":42}},"loc":{"start":{"line":216,"column":25},"end":{"line":227,"column":1}}},"11":{"name":"(anonymous_11)","decl":{"start":{"line":226,"column":27},"end":{"line":226,"column":28}},"loc":{"start":{"line":226,"column":35},"end":{"line":226,"column":77}}},"12":{"name":"subscribeToConversation","decl":{"start":{"line":229,"column":16},"end":{"line":229,"column":39}},"loc":{"start":{"line":231,"column":47},"end":{"line":236,"column":1}}},"13":{"name":"(anonymous_13)","decl":{"start":{"line":233,"column":50},"end":{"line":233,"column":51}},"loc":{"start":{"line":233,"column":59},"end":{"line":235,"column":3}}},"14":{"name":"subscribeToMessages","decl":{"start":{"line":240,"column":16},"end":{"line":240,"column":35}},"loc":{"start":{"line":242,"column":41},"end":{"line":257,"column":1}}},"15":{"name":"(anonymous_15)","decl":{"start":{"line":249,"column":4},"end":{"line":249,"column":5}},"loc":{"start":{"line":249,"column":17},"end":{"line":255,"column":5}}},"16":{"name":"(anonymous_16)","decl":{"start":{"line":252,"column":15},"end":{"line":252,"column":16}},"loc":{"start":{"line":252,"column":23},"end":{"line":252,"column":60}}},"17":{"name":"(anonymous_17)","decl":{"start":{"line":253,"column":18},"end":{"line":253,"column":19}},"loc":{"start":{"line":253,"column":25},"end":{"line":253,"column":34}}},"18":{"name":"sendMessage","decl":{"start":{"line":259,"column":22},"end":{"line":259,"column":33}},"loc":{"start":{"line":261,"column":44},"end":{"line":267,"column":1}}},"19":{"name":"acceptProposal","decl":{"start":{"line":271,"column":22},"end":{"line":271,"column":36}},"loc":{"start":{"line":276,"column":17},"end":{"line":291,"column":1}}},"20":{"name":"declineProposal","decl":{"start":{"line":293,"column":22},"end":{"line":293,"column":37}},"loc":{"start":{"line":293,"column":60},"end":{"line":295,"column":1}}},"21":{"name":"getBookingByConversation","decl":{"start":{"line":299,"column":22},"end":{"line":299,"column":46}},"loc":{"start":{"line":300,"column":24},"end":{"line":307,"column":1}}},"22":{"name":"createReview","decl":{"start":{"line":311,"column":22},"end":{"line":311,"column":34}},"loc":{"start":{"line":312,"column":51},"end":{"line":319,"column":1}}},"23":{"name":"getBookingReview","decl":{"start":{"line":321,"column":22},"end":{"line":321,"column":38}},"loc":{"start":{"line":321,"column":56},"end":{"line":327,"column":1}}},"24":{"name":"getCabinReviews","decl":{"start":{"line":329,"column":22},"end":{"line":329,"column":37}},"loc":{"start":{"line":329,"column":53},"end":{"line":340,"column":1}}},"25":{"name":"(anonymous_25)","decl":{"start":{"line":339,"column":27},"end":{"line":339,"column":28}},"loc":{"start":{"line":339,"column":35},"end":{"line":339,"column":71}}},"26":{"name":"createReport","decl":{"start":{"line":344,"column":22},"end":{"line":344,"column":34}},"loc":{"start":{"line":345,"column":51},"end":{"line":352,"column":1}}},"27":{"name":"getPendingReports","decl":{"start":{"line":354,"column":22},"end":{"line":354,"column":39}},"loc":{"start":{"line":354,"column":39},"end":{"line":363,"column":1}}},"28":{"name":"(anonymous_28)","decl":{"start":{"line":362,"column":27},"end":{"line":362,"column":28}},"loc":{"start":{"line":362,"column":35},"end":{"line":362,"column":71}}},"29":{"name":"actionReport","decl":{"start":{"line":365,"column":22},"end":{"line":365,"column":34}},"loc":{"start":{"line":365,"column":51},"end":{"line":367,"column":1}}},"30":{"name":"hideAndActionReport","decl":{"start":{"line":369,"column":22},"end":{"line":369,"column":41}},"loc":{"start":{"line":372,"column":19},"end":{"line":379,"column":1}}}},"branchMap":{"0":{"loc":{"start":{"line":110,"column":2},"end":{"line":110,"column":34}},"type":"if","locations":[{"start":{"line":110,"column":2},"end":{"line":110,"column":34}}]},"1":{"loc":{"start":{"line":118,"column":2},"end":{"line":118,"column":15}},"type":"default-arg","locations":[{"start":{"line":118,"column":13},"end":{"line":118,"column":15}}]},"2":{"loc":{"start":{"line":122,"column":2},"end":{"line":139,"column":3}},"type":"if","locations":[{"start":{"line":122,"column":2},"end":{"line":139,"column":3}},{"start":{"line":131,"column":9},"end":{"line":139,"column":3}}]},"3":{"loc":{"start":{"line":142,"column":28},"end":{"line":142,"column":75}},"type":"binary-expr","locations":[{"start":{"line":142,"column":28},"end":{"line":142,"column":67}},{"start":{"line":142,"column":71},"end":{"line":142,"column":75}}]},"4":{"loc":{"start":{"line":147,"column":2},"end":{"line":147,"column":34}},"type":"if","locations":[{"start":{"line":147,"column":2},"end":{"line":147,"column":34}}]},"5":{"loc":{"start":{"line":195,"column":2},"end":{"line":195,"column":50}},"type":"if","locations":[{"start":{"line":195,"column":2},"end":{"line":195,"column":50}}]},"6":{"loc":{"start":{"line":210,"column":2},"end":{"line":210,"column":34}},"type":"if","locations":[{"start":{"line":210,"column":2},"end":{"line":210,"column":34}}]},"7":{"loc":{"start":{"line":218,"column":16},"end":{"line":218,"column":56}},"type":"cond-expr","locations":[{"start":{"line":218,"column":35},"end":{"line":218,"column":44}},{"start":{"line":218,"column":47},"end":{"line":218,"column":56}}]},"8":{"loc":{"start":{"line":234,"column":13},"end":{"line":234,"column":85}},"type":"cond-expr","locations":[{"start":{"line":234,"column":30},"end":{"line":234,"column":78}},{"start":{"line":234,"column":81},"end":{"line":234,"column":85}}]},"9":{"loc":{"start":{"line":305,"column":2},"end":{"line":305,"column":34}},"type":"if","locations":[{"start":{"line":305,"column":2},"end":{"line":305,"column":34}}]},"10":{"loc":{"start":{"line":325,"column":2},"end":{"line":325,"column":34}},"type":"if","locations":[{"start":{"line":325,"column":2},"end":{"line":325,"column":34}}]},"11":{"loc":{"start":{"line":375,"column":19},"end":{"line":375,"column":67}},"type":"cond-expr","locations":[{"start":{"line":375,"column":47},"end":{"line":375,"column":55}},{"start":{"line":375,"column":58},"end":{"line":375,"column":67}}]}},"s":{"0":0,"1":0,"2":0,"3":0,"4":0,"5":0,"6":0,"7":0,"8":0,"9":0,"10":0,"11":0,"12":0,"13":0,"14":0,"15":0,"16":0,"17":0,"18":0,"19":0,"20":0,"21":0,"22":0,"23":0,"24":0,"25":0,"26":0,"27":0,"28":0,"29":0,"30":0,"31":0,"32":0,"33":0,"34":0,"35":0,"36":0,"37":0,"38":0,"39":0,"40":0,"41":0,"42":0,"43":0,"44":0,"45":0,"46":0,"47":0,"48":0,"49":0,"50":0,"51":0,"52":0,"53":0,"54":0,"55":0,"56":0,"57":0,"58":0,"59":0,"60":0,"61":0,"62":0,"63":0,"64":0,"65":0,"66":0,"67":0,"68":0,"69":0,"70":0,"71":0,"72":0,"73":0,"74":0,"75":0,"76":0,"77":0,"78":0,"79":0,"80":0,"81":0,"82":0,"83":0,"84":0,"85":0,"86":0,"87":0,"88":0,"89":0,"90":0,"91":0,"92":0,"93":0},"f":{"0":0,"1":0,"2":0,"3":0,"4":0,"5":0,"6":0,"7":0,"8":0,"9":0,"10":0,"11":0,"12":0,"13":0,"14":0,"15":0,"16":0,"17":0,"18":0,"19":0,"20":0,"21":0,"22":0,"23":0,"24":0,"25":0,"26":0,"27":0,"28":0,"29":0,"30":0},"b":{"0":[0],"1":[0],"2":[0,0],"3":[0,0],"4":[0],"5":[0],"6":[0],"7":[0,0],"8":[0,0],"9":[0],"10":[0],"11":[0,0]}}
,"/home/runner/work/CabaneApuseni/CabaneApuseni/lib/result.ts": {"path":"/home/runner/work/CabaneApuseni/CabaneApuseni/lib/result.ts","statementMap":{"0":{"start":{"line":25,"column":0},"end":{"line":25,"column":16}},"1":{"start":{"line":29,"column":0},"end":{"line":29,"column":16}},"2":{"start":{"line":26,"column":2},"end":{"line":26,"column":28}},"3":{"start":{"line":30,"column":2},"end":{"line":30,"column":58}}},"fnMap":{"0":{"name":"ok","decl":{"start":{"line":25,"column":16},"end":{"line":25,"column":18}},"loc":{"start":{"line":25,"column":29},"end":{"line":27,"column":1}}},"1":{"name":"fail","decl":{"start":{"line":29,"column":16},"end":{"line":29,"column":20}},"loc":{"start":{"line":29,"column":89},"end":{"line":31,"column":1}}}},"branchMap":{},"s":{"0":6,"1":6,"2":47,"3":56},"f":{"0":47,"1":56},"b":{}}
,"/home/runner/work/CabaneApuseni/CabaneApuseni/lib/storage.ts": {"path":"/home/runner/work/CabaneApuseni/CabaneApuseni/lib/storage.ts","statementMap":{"0":{"start":{"line":4,"column":0},"end":{"line":4,"column":7}},"1":{"start":{"line":1,"column":0},"end":{"line":1,"column":68}},"2":{"start":{"line":2,"column":0},"end":{"line":2,"column":37}},"3":{"start":{"line":5,"column":19},"end":{"line":5,"column":61}},"4":{"start":{"line":6,"column":19},"end":{"line":6,"column":46}},"5":{"start":{"line":7,"column":18},"end":{"line":7,"column":52}},"6":{"start":{"line":8,"column":19},"end":{"line":8,"column":51}},"7":{"start":{"line":9,"column":2},"end":{"line":9,"column":38}}},"fnMap":{"0":{"name":"uploadCabinPhoto","decl":{"start":{"line":4,"column":22},"end":{"line":4,"column":38}},"loc":{"start":{"line":4,"column":49},"end":{"line":10,"column":1}}}},"branchMap":{},"s":{"0":0,"1":0,"2":0,"3":0,"4":0,"5":0,"6":0,"7":0},"f":{"0":0},"b":{}}
,"/home/runner/work/CabaneApuseni/CabaneApuseni/lib/auth/authorization.ts": {"path":"/home/runner/work/CabaneApuseni/CabaneApuseni/lib/auth/authorization.ts","statementMap":{"0":{"start":{"line":14,"column":0},"end":{"line":14,"column":7}},"1":{"start":{"line":25,"column":0},"end":{"line":25,"column":7}},"2":{"start":{"line":42,"column":0},"end":{"line":42,"column":7}},"3":{"start":{"line":57,"column":0},"end":{"line":57,"column":16}},"4":{"start":{"line":67,"column":0},"end":{"line":67,"column":16}},"5":{"start":{"line":6,"column":0},"end":{"line":6,"column":43}},"6":{"start":{"line":7,"column":0},"end":{"line":7,"column":69}},"7":{"start":{"line":8,"column":0},"end":{"line":8,"column":85}},"8":{"start":{"line":15,"column":15},"end":{"line":15,"column":36}},"9":{"start":{"line":16,"column":2},"end":{"line":16,"column":32}},"10":{"start":{"line":16,"column":13},"end":{"line":16,"column":32}},"11":{"start":{"line":17,"column":2},"end":{"line":17,"column":14}},"12":{"start":{"line":26,"column":15},"end":{"line":26,"column":36}},"13":{"start":{"line":27,"column":2},"end":{"line":27,"column":32}},"14":{"start":{"line":27,"column":13},"end":{"line":27,"column":32}},"15":{"start":{"line":28,"column":2},"end":{"line":28,"column":66}},"16":{"start":{"line":28,"column":54},"end":{"line":28,"column":66}},"17":{"start":{"line":31,"column":18},"end":{"line":31,"column":45}},"18":{"start":{"line":32,"column":15},"end":{"line":32,"column":38}},"19":{"start":{"line":33,"column":2},"end":{"line":33,"column":67}},"20":{"start":{"line":33,"column":44},"end":{"line":33,"column":67}},"21":{"start":{"line":34,"column":2},"end":{"line":34,"column":27}},"22":{"start":{"line":43,"column":15},"end":{"line":43,"column":36}},"23":{"start":{"line":44,"column":2},"end":{"line":44,"column":32}},"24":{"start":{"line":44,"column":13},"end":{"line":44,"column":32}},"25":{"start":{"line":45,"column":2},"end":{"line":45,"column":41}},"26":{"start":{"line":45,"column":29},"end":{"line":45,"column":41}},"27":{"start":{"line":48,"column":18},"end":{"line":48,"column":45}},"28":{"start":{"line":49,"column":15},"end":{"line":49,"column":38}},"29":{"start":{"line":50,"column":2},"end":{"line":50,"column":47}},"30":{"start":{"line":50,"column":24},"end":{"line":50,"column":47}},"31":{"start":{"line":51,"column":2},"end":{"line":51,"column":27}},"32":{"start":{"line":58,"column":2},"end":{"line":58,"column":35}},"33":{"start":{"line":58,"column":23},"end":{"line":58,"column":35}},"34":{"start":{"line":59,"column":2},"end":{"line":59,"column":78}},"35":{"start":{"line":59,"column":24},"end":{"line":59,"column":78}},"36":{"start":{"line":60,"column":2},"end":{"line":60,"column":53}},"37":{"start":{"line":60,"column":24},"end":{"line":60,"column":53}},"38":{"start":{"line":61,"column":2},"end":{"line":61,"column":15}},"39":{"start":{"line":68,"column":2},"end":{"line":68,"column":55}}},"fnMap":{"0":{"name":"requireAuth","decl":{"start":{"line":14,"column":22},"end":{"line":14,"column":33}},"loc":{"start":{"line":14,"column":33},"end":{"line":18,"column":1}}},"1":{"name":"requireOwner","decl":{"start":{"line":25,"column":22},"end":{"line":25,"column":34}},"loc":{"start":{"line":25,"column":34},"end":{"line":35,"column":1}}},"2":{"name":"requireAdmin","decl":{"start":{"line":42,"column":22},"end":{"line":42,"column":34}},"loc":{"start":{"line":42,"column":34},"end":{"line":52,"column":1}}},"3":{"name":"hasRole","decl":{"start":{"line":57,"column":16},"end":{"line":57,"column":23}},"loc":{"start":{"line":57,"column":57},"end":{"line":62,"column":1}}},"4":{"name":"canAccess","decl":{"start":{"line":67,"column":16},"end":{"line":67,"column":25}},"loc":{"start":{"line":67,"column":60},"end":{"line":69,"column":1}}}},"branchMap":{"0":{"loc":{"start":{"line":16,"column":2},"end":{"line":16,"column":32}},"type":"if","locations":[{"start":{"line":16,"column":2},"end":{"line":16,"column":32}}]},"1":{"loc":{"start":{"line":27,"column":2},"end":{"line":27,"column":32}},"type":"if","locations":[{"start":{"line":27,"column":2},"end":{"line":27,"column":32}}]},"2":{"loc":{"start":{"line":28,"column":2},"end":{"line":28,"column":66}},"type":"if","locations":[{"start":{"line":28,"column":2},"end":{"line":28,"column":66}}]},"3":{"loc":{"start":{"line":28,"column":6},"end":{"line":28,"column":52}},"type":"binary-expr","locations":[{"start":{"line":28,"column":6},"end":{"line":28,"column":27}},{"start":{"line":28,"column":31},"end":{"line":28,"column":52}}]},"4":{"loc":{"start":{"line":32,"column":15},"end":{"line":32,"column":38}},"type":"binary-expr","locations":[{"start":{"line":32,"column":15},"end":{"line":32,"column":28}},{"start":{"line":32,"column":32},"end":{"line":32,"column":38}}]},"5":{"loc":{"start":{"line":33,"column":2},"end":{"line":33,"column":67}},"type":"if","locations":[{"start":{"line":33,"column":2},"end":{"line":33,"column":67}}]},"6":{"loc":{"start":{"line":33,"column":6},"end":{"line":33,"column":42}},"type":"binary-expr","locations":[{"start":{"line":33,"column":6},"end":{"line":33,"column":22}},{"start":{"line":33,"column":26},"end":{"line":33,"column":42}}]},"7":{"loc":{"start":{"line":44,"column":2},"end":{"line":44,"column":32}},"type":"if","locations":[{"start":{"line":44,"column":2},"end":{"line":44,"column":32}}]},"8":{"loc":{"start":{"line":45,"column":2},"end":{"line":45,"column":41}},"type":"if","locations":[{"start":{"line":45,"column":2},"end":{"line":45,"column":41}}]},"9":{"loc":{"start":{"line":49,"column":15},"end":{"line":49,"column":38}},"type":"binary-expr","locations":[{"start":{"line":49,"column":15},"end":{"line":49,"column":28}},{"start":{"line":49,"column":32},"end":{"line":49,"column":38}}]},"10":{"loc":{"start":{"line":50,"column":2},"end":{"line":50,"column":47}},"type":"if","locations":[{"start":{"line":50,"column":2},"end":{"line":50,"column":47}}]},"11":{"loc":{"start":{"line":58,"column":2},"end":{"line":58,"column":35}},"type":"if","locations":[{"start":{"line":58,"column":2},"end":{"line":58,"column":35}}]},"12":{"loc":{"start":{"line":59,"column":2},"end":{"line":59,"column":78}},"type":"if","locations":[{"start":{"line":59,"column":2},"end":{"line":59,"column":78}}]},"13":{"loc":{"start":{"line":59,"column":31},"end":{"line":59,"column":77}},"type":"binary-expr","locations":[{"start":{"line":59,"column":31},"end":{"line":59,"column":52}},{"start":{"line":59,"column":56},"end":{"line":59,"column":77}}]},"14":{"loc":{"start":{"line":60,"column":2},"end":{"line":60,"column":53}},"type":"if","locations":[{"start":{"line":60,"column":2},"end":{"line":60,"column":53}}]},"15":{"loc":{"start":{"line":68,"column":9},"end":{"line":68,"column":54}},"type":"binary-expr","locations":[{"start":{"line":68,"column":9},"end":{"line":68,"column":29}},{"start":{"line":68,"column":33},"end":{"line":68,"column":54}}]}},"s":{"0":2,"1":2,"2":2,"3":2,"4":2,"5":2,"6":2,"7":2,"8":2,"9":2,"10":1,"11":1,"12":6,"13":6,"14":1,"15":5,"16":2,"17":3,"18":3,"19":3,"20":2,"21":1,"22":6,"23":6,"24":1,"25":5,"26":1,"27":4,"28":4,"29":4,"30":3,"31":1,"32":9,"33":3,"34":6,"35":3,"36":3,"37":3,"38":0,"39":9},"f":{"0":2,"1":6,"2":6,"3":9,"4":9},"b":{"0":[1],"1":[1],"2":[2],"3":[5,4],"4":[3,1],"5":[2],"6":[3,2],"7":[1],"8":[1],"9":[4,1],"10":[3],"11":[3],"12":[3],"13":[3,2],"14":[3],"15":[9,5]}}
,"/home/runner/work/CabaneApuseni/CabaneApuseni/lib/auth/session.ts": {"path":"/home/runner/work/CabaneApuseni/CabaneApuseni/lib/auth/session.ts","statementMap":{"0":{"start":{"line":19,"column":0},"end":{"line":19,"column":7}},"1":{"start":{"line":39,"column":0},"end":{"line":39,"column":7}},"2":{"start":{"line":69,"column":0},"end":{"line":69,"column":7}},"3":{"start":{"line":6,"column":0},"end":{"line":6,"column":39}},"4":{"start":{"line":7,"column":0},"end":{"line":7,"column":71}},"5":{"start":{"line":10,"column":13},"end":{"line":10,"column":47}},"6":{"start":{"line":13,"column":30},"end":{"line":13,"column":54}},"7":{"start":{"line":20,"column":15},"end":{"line":20,"column":29}},"8":{"start":{"line":21,"column":24},"end":{"line":23,"column":4}},"9":{"start":{"line":25,"column":22},"end":{"line":25,"column":37}},"10":{"start":{"line":26,"column":2},"end":{"line":32,"column":5}},"11":{"start":{"line":40,"column":2},"end":{"line":63,"column":3}},"12":{"start":{"line":41,"column":24},"end":{"line":41,"column":39}},"13":{"start":{"line":42,"column":26},"end":{"line":42,"column":69}},"14":{"start":{"line":43,"column":4},"end":{"line":43,"column":36}},"15":{"start":{"line":43,"column":24},"end":{"line":43,"column":36}},"16":{"start":{"line":45,"column":17},"end":{"line":45,"column":31}},"17":{"start":{"line":46,"column":20},"end":{"line":46,"column":71}},"18":{"start":{"line":50,"column":15},"end":{"line":50,"column":34}},"19":{"start":{"line":51,"column":20},"end":{"line":51,"column":71}},"20":{"start":{"line":52,"column":27},"end":{"line":54,"column":61}},"21":{"start":{"line":56,"column":4},"end":{"line":60,"column":6}},"22":{"start":{"line":62,"column":4},"end":{"line":62,"column":16}},"23":{"start":{"line":70,"column":22},"end":{"line":70,"column":37}},"24":{"start":{"line":71,"column":2},"end":{"line":71,"column":42}}},"fnMap":{"0":{"name":"createSessionCookie","decl":{"start":{"line":19,"column":22},"end":{"line":19,"column":41}},"loc":{"start":{"line":19,"column":57},"end":{"line":33,"column":1}}},"1":{"name":"verifySession","decl":{"start":{"line":39,"column":22},"end":{"line":39,"column":35}},"loc":{"start":{"line":39,"column":35},"end":{"line":64,"column":1}}},"2":{"name":"clearSessionCookie","decl":{"start":{"line":69,"column":22},"end":{"line":69,"column":40}},"loc":{"start":{"line":69,"column":40},"end":{"line":72,"column":1}}}},"branchMap":{"0":{"loc":{"start":{"line":43,"column":4},"end":{"line":43,"column":36}},"type":"if","locations":[{"start":{"line":43,"column":4},"end":{"line":43,"column":36}}]},"1":{"loc":{"start":{"line":52,"column":27},"end":{"line":54,"column":61}},"type":"cond-expr","locations":[{"start":{"line":53,"column":10},"end":{"line":53,"column":65}},{"start":{"line":54,"column":10},"end":{"line":54,"column":60}}]},"2":{"loc":{"start":{"line":53,"column":10},"end":{"line":53,"column":65}},"type":"binary-expr","locations":[{"start":{"line":53,"column":10},"end":{"line":53,"column":55}},{"start":{"line":53,"column":59},"end":{"line":53,"column":65}}]},"3":{"loc":{"start":{"line":54,"column":10},"end":{"line":54,"column":60}},"type":"binary-expr","locations":[{"start":{"line":54,"column":10},"end":{"line":54,"column":50}},{"start":{"line":54,"column":54},"end":{"line":54,"column":60}}]},"4":{"loc":{"start":{"line":58,"column":13},"end":{"line":58,"column":34}},"type":"binary-expr","locations":[{"start":{"line":58,"column":13},"end":{"line":58,"column":26}},{"start":{"line":58,"column":30},"end":{"line":58,"column":34}}]}},"s":{"0":1,"1":1,"2":1,"3":1,"4":1,"5":1,"6":1,"7":0,"8":0,"9":0,"10":0,"11":0,"12":0,"13":0,"14":0,"15":0,"16":0,"17":0,"18":0,"19":0,"20":0,"21":0,"22":0,"23":0,"24":0},"f":{"0":0,"1":0,"2":0},"b":{"0":[0],"1":[0,0],"2":[0,0],"3":[0,0],"4":[0,0]}}
,"/home/runner/work/CabaneApuseni/CabaneApuseni/lib/firebase/admin.ts": {"path":"/home/runner/work/CabaneApuseni/CabaneApuseni/lib/firebase/admin.ts","statementMap":{"0":{"start":{"line":36,"column":0},"end":{"line":36,"column":16}},"1":{"start":{"line":40,"column":0},"end":{"line":40,"column":16}},"2":{"start":{"line":6,"column":0},"end":{"line":6,"column":35}},"3":{"start":{"line":10,"column":0},"end":{"line":10,"column":41}},"4":{"start":{"line":15,"column":2},"end":{"line":15,"column":32}},"5":{"start":{"line":15,"column":16},"end":{"line":15,"column":32}},"6":{"start":{"line":17,"column":2},"end":{"line":20,"column":3}},"7":{"start":{"line":18,"column":4},"end":{"line":18,"column":30}},"8":{"start":{"line":19,"column":4},"end":{"line":19,"column":20}},"9":{"start":{"line":22,"column":14},"end":{"line":22,"column":28}},"10":{"start":{"line":24,"column":2},"end":{"line":31,"column":5}},"11":{"start":{"line":33,"column":2},"end":{"line":33,"column":18}},"12":{"start":{"line":37,"column":2},"end":{"line":37,"column":35}},"13":{"start":{"line":41,"column":2},"end":{"line":41,"column":40}}},"fnMap":{"0":{"name":"getAdminApp","decl":{"start":{"line":14,"column":9},"end":{"line":14,"column":20}},"loc":{"start":{"line":14,"column":20},"end":{"line":34,"column":1}}},"1":{"name":"getAdminAuth","decl":{"start":{"line":36,"column":16},"end":{"line":36,"column":28}},"loc":{"start":{"line":36,"column":28},"end":{"line":38,"column":1}}},"2":{"name":"getAdminFirestore","decl":{"start":{"line":40,"column":16},"end":{"line":40,"column":33}},"loc":{"start":{"line":40,"column":33},"end":{"line":42,"column":1}}}},"branchMap":{"0":{"loc":{"start":{"line":15,"column":2},"end":{"line":15,"column":32}},"type":"if","locations":[{"start":{"line":15,"column":2},"end":{"line":15,"column":32}}]},"1":{"loc":{"start":{"line":17,"column":2},"end":{"line":20,"column":3}},"type":"if","locations":[{"start":{"line":17,"column":2},"end":{"line":20,"column":3}}]}},"s":{"0":4,"1":4,"2":4,"3":4,"4":0,"5":0,"6":0,"7":0,"8":0,"9":0,"10":0,"11":0,"12":0,"13":0},"f":{"0":0,"1":0,"2":0},"b":{"0":[0],"1":[0]}}
,"/home/runner/work/CabaneApuseni/CabaneApuseni/lib/firebase/client.ts": {"path":"/home/runner/work/CabaneApuseni/CabaneApuseni/lib/firebase/client.ts","statementMap":{"0":{"start":{"line":26,"column":0},"end":{"line":26,"column":16}},"1":{"start":{"line":30,"column":0},"end":{"line":30,"column":16}},"2":{"start":{"line":34,"column":0},"end":{"line":34,"column":16}},"3":{"start":{"line":6,"column":0},"end":{"line":6,"column":72}},"4":{"start":{"line":7,"column":0},"end":{"line":7,"column":51}},"5":{"start":{"line":8,"column":0},"end":{"line":8,"column":66}},"6":{"start":{"line":9,"column":0},"end":{"line":9,"column":68}},"7":{"start":{"line":10,"column":0},"end":{"line":10,"column":38}},"8":{"start":{"line":13,"column":2},"end":{"line":15,"column":3}},"9":{"start":{"line":14,"column":4},"end":{"line":14,"column":25}},"10":{"start":{"line":16,"column":2},"end":{"line":23,"column":5}},"11":{"start":{"line":27,"column":2},"end":{"line":27,"column":33}},"12":{"start":{"line":31,"column":2},"end":{"line":31,"column":38}},"13":{"start":{"line":35,"column":2},"end":{"line":35,"column":36}}},"fnMap":{"0":{"name":"getClientApp","decl":{"start":{"line":12,"column":9},"end":{"line":12,"column":21}},"loc":{"start":{"line":12,"column":21},"end":{"line":24,"column":1}}},"1":{"name":"getClientAuth","decl":{"start":{"line":26,"column":16},"end":{"line":26,"column":29}},"loc":{"start":{"line":26,"column":29},"end":{"line":28,"column":1}}},"2":{"name":"getClientFirestore","decl":{"start":{"line":30,"column":16},"end":{"line":30,"column":34}},"loc":{"start":{"line":30,"column":34},"end":{"line":32,"column":1}}},"3":{"name":"getClientStorage","decl":{"start":{"line":34,"column":16},"end":{"line":34,"column":32}},"loc":{"start":{"line":34,"column":32},"end":{"line":36,"column":1}}}},"branchMap":{"0":{"loc":{"start":{"line":13,"column":2},"end":{"line":15,"column":3}},"type":"if","locations":[{"start":{"line":13,"column":2},"end":{"line":15,"column":3}}]}},"s":{"0":0,"1":0,"2":0,"3":0,"4":0,"5":0,"6":0,"7":0,"8":0,"9":0,"10":0,"11":0,"12":0,"13":0},"f":{"0":0,"1":0,"2":0,"3":0},"b":{"0":[0]}}
,"/home/runner/work/CabaneApuseni/CabaneApuseni/lib/hooks/useAuth.ts": {"path":"/home/runner/work/CabaneApuseni/CabaneApuseni/lib/hooks/useAuth.ts","statementMap":{"0":{"start":{"line":3,"column":0},"end":{"line":3,"column":9}},"1":{"start":{"line":3,"column":9},"end":{"line":3,"column":46}}},"fnMap":{"0":{"name":"(anonymous_0)","decl":{"start":{"line":3,"column":9},"end":{"line":3,"column":16}},"loc":{"start":{"line":3,"column":9},"end":{"line":3,"column":46}}}},"branchMap":{},"s":{"0":0,"1":0},"f":{"0":0},"b":{}}
,"/home/runner/work/CabaneApuseni/CabaneApuseni/lib/hooks/useRequireRole.ts": {"path":"/home/runner/work/CabaneApuseni/CabaneApuseni/lib/hooks/useRequireRole.ts","statementMap":{"0":{"start":{"line":8,"column":0},"end":{"line":8,"column":16}},"1":{"start":{"line":3,"column":0},"end":{"line":3,"column":34}},"2":{"start":{"line":4,"column":0},"end":{"line":4,"column":44}},"3":{"start":{"line":5,"column":0},"end":{"line":5,"column":36}},"4":{"start":{"line":9,"column":31},"end":{"line":9,"column":40}},"5":{"start":{"line":10,"column":17},"end":{"line":10,"column":28}},"6":{"start":{"line":13,"column":19},"end":{"line":15,"column":19}},"7":{"start":{"line":17,"column":2},"end":{"line":28,"column":35}},"8":{"start":{"line":18,"column":4},"end":{"line":18,"column":24}},"9":{"start":{"line":18,"column":17},"end":{"line":18,"column":24}},"10":{"start":{"line":19,"column":18},"end":{"line":19,"column":51}},"11":{"start":{"line":20,"column":4},"end":{"line":23,"column":5}},"12":{"start":{"line":21,"column":6},"end":{"line":21,"column":33}},"13":{"start":{"line":22,"column":6},"end":{"line":22,"column":13}},"14":{"start":{"line":24,"column":4},"end":{"line":26,"column":5}},"15":{"start":{"line":25,"column":6},"end":{"line":25,"column":23}},"16":{"start":{"line":30,"column":2},"end":{"line":30,"column":30}}},"fnMap":{"0":{"name":"useRequireRole","decl":{"start":{"line":8,"column":16},"end":{"line":8,"column":30}},"loc":{"start":{"line":8,"column":67},"end":{"line":31,"column":1}}},"1":{"name":"(anonymous_1)","decl":{"start":{"line":17,"column":12},"end":{"line":17,"column":15}},"loc":{"start":{"line":17,"column":17},"end":{"line":28,"column":3}}}},"branchMap":{"0":{"loc":{"start":{"line":13,"column":19},"end":{"line":15,"column":19}},"type":"cond-expr","locations":[{"start":{"line":14,"column":6},"end":{"line":14,"column":29}},{"start":{"line":15,"column":6},"end":{"line":15,"column":19}}]},"1":{"loc":{"start":{"line":18,"column":4},"end":{"line":18,"column":24}},"type":"if","locations":[{"start":{"line":18,"column":4},"end":{"line":18,"column":24}}]},"2":{"loc":{"start":{"line":20,"column":4},"end":{"line":23,"column":5}},"type":"if","locations":[{"start":{"line":20,"column":4},"end":{"line":23,"column":5}}]},"3":{"loc":{"start":{"line":24,"column":4},"end":{"line":26,"column":5}},"type":"if","locations":[{"start":{"line":24,"column":4},"end":{"line":26,"column":5}}]}},"s":{"0":0,"1":0,"2":0,"3":0,"4":0,"5":0,"6":0,"7":0,"8":0,"9":0,"10":0,"11":0,"12":0,"13":0,"14":0,"15":0,"16":0},"f":{"0":0,"1":0},"b":{"0":[0,0],"1":[0],"2":[0],"3":[0]}}
,"/home/runner/work/CabaneApuseni/CabaneApuseni/lib/observability/logger.ts": {"path":"/home/runner/work/CabaneApuseni/CabaneApuseni/lib/observability/logger.ts","statementMap":{"0":{"start":{"line":33,"column":0},"end":{"line":33,"column":16}},"1":{"start":{"line":6,"column":0},"end":{"line":6,"column":24}},"2":{"start":{"line":8,"column":14},"end":{"line":8,"column":51}},"3":{"start":{"line":10,"column":13},"end":{"line":28,"column":3}},"4":{"start":{"line":24,"column":6},"end":{"line":24,"column":30}},"5":{"start":{"line":34,"column":2},"end":{"line":34,"column":31}}},"fnMap":{"0":{"name":"(anonymous_1)","decl":{"start":{"line":23,"column":4},"end":{"line":23,"column":9}},"loc":{"start":{"line":23,"column":15},"end":{"line":25,"column":5}}},"1":{"name":"createLogger","decl":{"start":{"line":33,"column":16},"end":{"line":33,"column":28}},"loc":{"start":{"line":33,"column":61},"end":{"line":35,"column":1}}}},"branchMap":{"0":{"loc":{"start":{"line":11,"column":9},"end":{"line":11,"column":33}},"type":"cond-expr","locations":[{"start":{"line":11,"column":17},"end":{"line":11,"column":24}},{"start":{"line":11,"column":27},"end":{"line":11,"column":33}}]},"1":{"loc":{"start":{"line":12,"column":6},"end":{"line":17,"column":4}},"type":"binary-expr","locations":[{"start":{"line":12,"column":6},"end":{"line":12,"column":11}},{"start":{"line":12,"column":15},"end":{"line":17,"column":4}}]},"2":{"loc":{"start":{"line":19,"column":9},"end":{"line":19,"column":42}},"type":"binary-expr","locations":[{"start":{"line":19,"column":9},"end":{"line":19,"column":29}},{"start":{"line":19,"column":33},"end":{"line":19,"column":42}}]}},"s":{"0":0,"1":0,"2":0,"3":0,"4":0,"5":0},"f":{"0":0,"1":0},"b":{"0":[0,0],"1":[0,0],"2":[0,0]}}
,"/home/runner/work/CabaneApuseni/CabaneApuseni/lib/validation/schemas.ts": {"path":"/home/runner/work/CabaneApuseni/CabaneApuseni/lib/validation/schemas.ts","statementMap":{"0":{"start":{"line":6,"column":0},"end":{"line":6,"column":24}},"1":{"start":{"line":10,"column":13},"end":{"line":13,"column":3}},"2":{"start":{"line":15,"column":13},"end":{"line":25,"column":5}},"3":{"start":{"line":22,"column":20},"end":{"line":22,"column":58}},"4":{"start":{"line":29,"column":13},"end":{"line":42,"column":3}},"5":{"start":{"line":46,"column":13},"end":{"line":58,"column":2}},"6":{"start":{"line":51,"column":19},"end":{"line":51,"column":43}},"7":{"start":{"line":56,"column":12},"end":{"line":56,"column":60}},"8":{"start":{"line":62,"column":13},"end":{"line":66,"column":3}}},"fnMap":{"0":{"name":"(anonymous_0)","decl":{"start":{"line":22,"column":10},"end":{"line":22,"column":11}},"loc":{"start":{"line":22,"column":20},"end":{"line":22,"column":58}}},"1":{"name":"(anonymous_1)","decl":{"start":{"line":51,"column":12},"end":{"line":51,"column":13}},"loc":{"start":{"line":51,"column":19},"end":{"line":51,"column":43}}},"2":{"name":"(anonymous_2)","decl":{"start":{"line":56,"column":2},"end":{"line":56,"column":3}},"loc":{"start":{"line":56,"column":12},"end":{"line":56,"column":60}}}},"branchMap":{},"s":{"0":4,"1":4,"2":4,"3":6,"4":4,"5":4,"6":16,"7":15,"8":4},"f":{"0":6,"1":16,"2":15},"b":{}}
,"/home/runner/work/CabaneApuseni/CabaneApuseni/modules/auth/application/authService.ts": {"path":"/home/runner/work/CabaneApuseni/CabaneApuseni/modules/auth/application/authService.ts","statementMap":{"0":{"start":{"line":24,"column":0},"end":{"line":24,"column":7}},"1":{"start":{"line":42,"column":0},"end":{"line":42,"column":7}},"2":{"start":{"line":53,"column":0},"end":{"line":53,"column":7}},"3":{"start":{"line":5,"column":0},"end":{"line":5,"column":null}},"4":{"start":{"line":13,"column":14},"end":{"line":17,"column":4}},"5":{"start":{"line":18,"column":2},"end":{"line":21,"column":3}},"6":{"start":{"line":19,"column":17},"end":{"line":19,"column":51}},"7":{"start":{"line":19,"column":47},"end":{"line":19,"column":49}},"8":{"start":{"line":20,"column":4},"end":{"line":20,"column":86}},"9":{"start":{"line":25,"column":22},"end":{"line":25,"column":60}},"10":{"start":{"line":26,"column":2},"end":{"line":26,"column":40}},"11":{"start":{"line":30,"column":14},"end":{"line":34,"column":4}},"12":{"start":{"line":36,"column":2},"end":{"line":39,"column":3}},"13":{"start":{"line":37,"column":17},"end":{"line":37,"column":51}},"14":{"start":{"line":37,"column":47},"end":{"line":37,"column":49}},"15":{"start":{"line":38,"column":4},"end":{"line":38,"column":89}},"16":{"start":{"line":48,"column":22},"end":{"line":48,"column":68}},"17":{"start":{"line":49,"column":2},"end":{"line":49,"column":40}},"18":{"start":{"line":50,"column":2},"end":{"line":50,"column":39}},"19":{"start":{"line":54,"column":2},"end":{"line":54,"column":22}},"20":{"start":{"line":55,"column":2},"end":{"line":55,"column":57}}},"fnMap":{"0":{"name":"exchangeTokenForCookie","decl":{"start":{"line":12,"column":15},"end":{"line":12,"column":37}},"loc":{"start":{"line":12,"column":53},"end":{"line":22,"column":1}}},"1":{"name":"(anonymous_1)","decl":{"start":{"line":19,"column":40},"end":{"line":19,"column":43}},"loc":{"start":{"line":19,"column":47},"end":{"line":19,"column":49}}},"2":{"name":"login","decl":{"start":{"line":24,"column":22},"end":{"line":24,"column":27}},"loc":{"start":{"line":24,"column":59},"end":{"line":27,"column":1}}},"3":{"name":"syncProfile","decl":{"start":{"line":29,"column":15},"end":{"line":29,"column":26}},"loc":{"start":{"line":29,"column":97},"end":{"line":40,"column":1}}},"4":{"name":"(anonymous_4)","decl":{"start":{"line":37,"column":40},"end":{"line":37,"column":43}},"loc":{"start":{"line":37,"column":47},"end":{"line":37,"column":49}}},"5":{"name":"register","decl":{"start":{"line":42,"column":22},"end":{"line":42,"column":30}},"loc":{"start":{"line":46,"column":52},"end":{"line":51,"column":1}}},"6":{"name":"logout","decl":{"start":{"line":53,"column":22},"end":{"line":53,"column":28}},"loc":{"start":{"line":53,"column":28},"end":{"line":56,"column":1}}}},"branchMap":{"0":{"loc":{"start":{"line":18,"column":2},"end":{"line":21,"column":3}},"type":"if","locations":[{"start":{"line":18,"column":2},"end":{"line":21,"column":3}}]},"1":{"loc":{"start":{"line":20,"column":21},"end":{"line":20,"column":84}},"type":"binary-expr","locations":[{"start":{"line":20,"column":21},"end":{"line":20,"column":54}},{"start":{"line":20,"column":58},"end":{"line":20,"column":84}}]},"2":{"loc":{"start":{"line":36,"column":2},"end":{"line":39,"column":3}},"type":"if","locations":[{"start":{"line":36,"column":2},"end":{"line":39,"column":3}}]},"3":{"loc":{"start":{"line":38,"column":21},"end":{"line":38,"column":87}},"type":"binary-expr","locations":[{"start":{"line":38,"column":21},"end":{"line":38,"column":54}},{"start":{"line":38,"column":58},"end":{"line":38,"column":87}}]},"4":{"loc":{"start":{"line":46,"column":2},"end":{"line":46,"column":52}},"type":"default-arg","locations":[{"start":{"line":46,"column":46},"end":{"line":46,"column":52}}]}},"s":{"0":1,"1":1,"2":1,"3":1,"4":4,"5":4,"6":1,"7":0,"8":1,"9":2,"10":2,"11":2,"12":2,"13":1,"14":0,"15":1,"16":2,"17":2,"18":2,"19":1,"20":1},"f":{"0":4,"1":0,"2":2,"3":2,"4":0,"5":2,"6":1},"b":{"0":[1],"1":[1,0],"2":[1],"3":[1,0],"4":[1]}}
,"/home/runner/work/CabaneApuseni/CabaneApuseni/modules/bookings/actions.ts": {"path":"/home/runner/work/CabaneApuseni/CabaneApuseni/modules/bookings/actions.ts","statementMap":{"0":{"start":{"line":37,"column":0},"end":{"line":37,"column":7}},"1":{"start":{"line":62,"column":0},"end":{"line":62,"column":7}},"2":{"start":{"line":86,"column":0},"end":{"line":86,"column":7}},"3":{"start":{"line":102,"column":0},"end":{"line":102,"column":7}},"4":{"start":{"line":8,"column":0},"end":{"line":8,"column":51}},"5":{"start":{"line":9,"column":0},"end":{"line":9,"column":null}},"6":{"start":{"line":15,"column":0},"end":{"line":15,"column":44}},"7":{"start":{"line":40,"column":18},"end":{"line":40,"column":39}},"8":{"start":{"line":41,"column":2},"end":{"line":43,"column":3}},"9":{"start":{"line":42,"column":4},"end":{"line":42,"column":60}},"10":{"start":{"line":45,"column":17},"end":{"line":45,"column":52}},"11":{"start":{"line":46,"column":2},"end":{"line":52,"column":3}},"12":{"start":{"line":47,"column":4},"end":{"line":51,"column":6}},"13":{"start":{"line":54,"column":2},"end":{"line":54,"column":40}},"14":{"start":{"line":55,"column":2},"end":{"line":55,"column":49}},"15":{"start":{"line":65,"column":18},"end":{"line":65,"column":39}},"16":{"start":{"line":66,"column":2},"end":{"line":68,"column":3}},"17":{"start":{"line":67,"column":4},"end":{"line":67,"column":60}},"18":{"start":{"line":70,"column":17},"end":{"line":70,"column":56}},"19":{"start":{"line":71,"column":2},"end":{"line":73,"column":3}},"20":{"start":{"line":72,"column":4},"end":{"line":72,"column":54}},"21":{"start":{"line":75,"column":2},"end":{"line":75,"column":40}},"22":{"start":{"line":76,"column":2},"end":{"line":76,"column":22}},"23":{"start":{"line":89,"column":18},"end":{"line":89,"column":39}},"24":{"start":{"line":90,"column":2},"end":{"line":90,"column":72}},"25":{"start":{"line":90,"column":16},"end":{"line":90,"column":72}},"26":{"start":{"line":92,"column":17},"end":{"line":92,"column":65}},"27":{"start":{"line":93,"column":2},"end":{"line":93,"column":68}},"28":{"start":{"line":93,"column":18},"end":{"line":93,"column":68}},"29":{"start":{"line":95,"column":2},"end":{"line":95,"column":46}},"30":{"start":{"line":96,"column":2},"end":{"line":96,"column":22}},"31":{"start":{"line":105,"column":18},"end":{"line":105,"column":39}},"32":{"start":{"line":106,"column":2},"end":{"line":106,"column":72}},"33":{"start":{"line":106,"column":16},"end":{"line":106,"column":72}},"34":{"start":{"line":108,"column":17},"end":{"line":108,"column":64}},"35":{"start":{"line":109,"column":2},"end":{"line":109,"column":68}},"36":{"start":{"line":109,"column":18},"end":{"line":109,"column":68}},"37":{"start":{"line":111,"column":2},"end":{"line":111,"column":46}},"38":{"start":{"line":112,"column":2},"end":{"line":112,"column":22}}},"fnMap":{"0":{"name":"createBookingAction","decl":{"start":{"line":37,"column":22},"end":{"line":37,"column":41}},"loc":{"start":{"line":38,"column":27},"end":{"line":56,"column":1}}},"1":{"name":"cancelBookingAction","decl":{"start":{"line":62,"column":22},"end":{"line":62,"column":41}},"loc":{"start":{"line":63,"column":19},"end":{"line":77,"column":1}}},"2":{"name":"confirmBookingAction","decl":{"start":{"line":86,"column":22},"end":{"line":86,"column":42}},"loc":{"start":{"line":87,"column":19},"end":{"line":97,"column":1}}},"3":{"name":"rejectBookingAction","decl":{"start":{"line":102,"column":22},"end":{"line":102,"column":41}},"loc":{"start":{"line":103,"column":19},"end":{"line":113,"column":1}}}},"branchMap":{"0":{"loc":{"start":{"line":41,"column":2},"end":{"line":43,"column":3}},"type":"if","locations":[{"start":{"line":41,"column":2},"end":{"line":43,"column":3}}]},"1":{"loc":{"start":{"line":46,"column":2},"end":{"line":52,"column":3}},"type":"if","locations":[{"start":{"line":46,"column":2},"end":{"line":52,"column":3}}]},"2":{"loc":{"start":{"line":66,"column":2},"end":{"line":68,"column":3}},"type":"if","locations":[{"start":{"line":66,"column":2},"end":{"line":68,"column":3}}]},"3":{"loc":{"start":{"line":71,"column":2},"end":{"line":73,"column":3}},"type":"if","locations":[{"start":{"line":71,"column":2},"end":{"line":73,"column":3}}]},"4":{"loc":{"start":{"line":90,"column":2},"end":{"line":90,"column":72}},"type":"if","locations":[{"start":{"line":90,"column":2},"end":{"line":90,"column":72}}]},"5":{"loc":{"start":{"line":93,"column":2},"end":{"line":93,"column":68}},"type":"if","locations":[{"start":{"line":93,"column":2},"end":{"line":93,"column":68}}]},"6":{"loc":{"start":{"line":106,"column":2},"end":{"line":106,"column":72}},"type":"if","locations":[{"start":{"line":106,"column":2},"end":{"line":106,"column":72}}]},"7":{"loc":{"start":{"line":109,"column":2},"end":{"line":109,"column":68}},"type":"if","locations":[{"start":{"line":109,"column":2},"end":{"line":109,"column":68}}]}},"s":{"0":1,"1":1,"2":1,"3":1,"4":1,"5":1,"6":1,"7":3,"8":3,"9":1,"10":2,"11":2,"12":1,"13":1,"14":1,"15":3,"16":3,"17":1,"18":2,"19":2,"20":1,"21":1,"22":1,"23":3,"24":3,"25":1,"26":2,"27":2,"28":1,"29":1,"30":1,"31":2,"32":2,"33":0,"34":2,"35":2,"36":1,"37":1,"38":1},"f":{"0":3,"1":3,"2":3,"3":2},"b":{"0":[1],"1":[1],"2":[1],"3":[1],"4":[1],"5":[1],"6":[0],"7":[1]}}
,"/home/runner/work/CabaneApuseni/CabaneApuseni/modules/bookings/application/bookingService.ts": {"path":"/home/runner/work/CabaneApuseni/CabaneApuseni/modules/bookings/application/bookingService.ts","statementMap":{"0":{"start":{"line":29,"column":0},"end":{"line":29,"column":7}},"1":{"start":{"line":74,"column":0},"end":{"line":74,"column":7}},"2":{"start":{"line":79,"column":0},"end":{"line":79,"column":7}},"3":{"start":{"line":84,"column":0},"end":{"line":84,"column":7}},"4":{"start":{"line":96,"column":0},"end":{"line":96,"column":7}},"5":{"start":{"line":107,"column":0},"end":{"line":107,"column":7}},"6":{"start":{"line":121,"column":0},"end":{"line":121,"column":7}},"7":{"start":{"line":140,"column":0},"end":{"line":140,"column":7}},"8":{"start":{"line":4,"column":0},"end":{"line":4,"column":53}},"9":{"start":{"line":5,"column":0},"end":{"line":5,"column":76}},"10":{"start":{"line":6,"column":0},"end":{"line":6,"column":null}},"11":{"start":{"line":14,"column":0},"end":{"line":14,"column":88}},"12":{"start":{"line":15,"column":0},"end":{"line":15,"column":93}},"13":{"start":{"line":17,"column":0},"end":{"line":17,"column":53}},"14":{"start":{"line":18,"column":0},"end":{"line":18,"column":58}},"15":{"start":{"line":20,"column":0},"end":{"line":20,"column":36}},"16":{"start":{"line":22,"column":12},"end":{"line":22,"column":54}},"17":{"start":{"line":25,"column":15},"end":{"line":25,"column":73}},"18":{"start":{"line":26,"column":2},"end":{"line":26,"column":50}},"19":{"start":{"line":33,"column":17},"end":{"line":33,"column":47}},"20":{"start":{"line":34,"column":2},"end":{"line":36,"column":3}},"21":{"start":{"line":35,"column":4},"end":{"line":35,"column":125}},"22":{"start":{"line":38,"column":16},"end":{"line":38,"column":55}},"23":{"start":{"line":39,"column":2},"end":{"line":39,"column":59}},"24":{"start":{"line":39,"column":14},"end":{"line":39,"column":59}},"25":{"start":{"line":40,"column":2},"end":{"line":40,"column":95}},"26":{"start":{"line":40,"column":24},"end":{"line":40,"column":95}},"27":{"start":{"line":41,"column":2},"end":{"line":43,"column":3}},"28":{"start":{"line":42,"column":4},"end":{"line":42,"column":88}},"29":{"start":{"line":45,"column":17},"end":{"line":45,"column":70}},"30":{"start":{"line":46,"column":2},"end":{"line":46,"column":104}},"31":{"start":{"line":46,"column":18},"end":{"line":46,"column":104}},"32":{"start":{"line":48,"column":14},"end":{"line":48,"column":38}},"33":{"start":{"line":49,"column":13},"end":{"line":49,"column":25}},"34":{"start":{"line":50,"column":27},"end":{"line":67,"column":4}},"35":{"start":{"line":69,"column":2},"end":{"line":69,"column":40}},"36":{"start":{"line":70,"column":2},"end":{"line":70,"column":76}},"37":{"start":{"line":71,"column":2},"end":{"line":71,"column":21}},"38":{"start":{"line":75,"column":19},"end":{"line":75,"column":54}},"39":{"start":{"line":76,"column":2},"end":{"line":76,"column":22}},"40":{"start":{"line":80,"column":19},"end":{"line":80,"column":42}},"41":{"start":{"line":81,"column":2},"end":{"line":81,"column":22}},"42":{"start":{"line":85,"column":2},"end":{"line":93,"column":3}},"43":{"start":{"line":86,"column":24},"end":{"line":86,"column":58}},"44":{"start":{"line":87,"column":21},"end":{"line":87,"column":49}},"45":{"start":{"line":87,"column":44},"end":{"line":87,"column":48}},"46":{"start":{"line":88,"column":21},"end":{"line":88,"column":59}},"47":{"start":{"line":89,"column":4},"end":{"line":89,"column":24}},"48":{"start":{"line":91,"column":4},"end":{"line":91,"column":79}},"49":{"start":{"line":92,"column":4},"end":{"line":92,"column":62}},"50":{"start":{"line":97,"column":18},"end":{"line":97,"column":42}},"51":{"start":{"line":98,"column":2},"end":{"line":98,"column":63}},"52":{"start":{"line":98,"column":16},"end":{"line":98,"column":63}},"53":{"start":{"line":99,"column":2},"end":{"line":99,"column":84}},"54":{"start":{"line":99,"column":41},"end":{"line":99,"column":84}},"55":{"start":{"line":100,"column":2},"end":{"line":100,"column":95}},"56":{"start":{"line":100,"column":38},"end":{"line":100,"column":95}},"57":{"start":{"line":102,"column":2},"end":{"line":102,"column":45}},"58":{"start":{"line":103,"column":2},"end":{"line":103,"column":61}},"59":{"start":{"line":104,"column":2},"end":{"line":104,"column":23}},"60":{"start":{"line":108,"column":2},"end":{"line":108,"column":73}},"61":{"start":{"line":108,"column":30},"end":{"line":108,"column":73}},"62":{"start":{"line":110,"column":18},"end":{"line":110,"column":42}},"63":{"start":{"line":111,"column":2},"end":{"line":111,"column":63}},"64":{"start":{"line":111,"column":16},"end":{"line":111,"column":63}},"65":{"start":{"line":113,"column":2},"end":{"line":113,"column":45}},"66":{"start":{"line":114,"column":2},"end":{"line":114,"column":61}},"67":{"start":{"line":115,"column":2},"end":{"line":115,"column":23}},"68":{"start":{"line":122,"column":18},"end":{"line":122,"column":42}},"69":{"start":{"line":123,"column":2},"end":{"line":123,"column":63}},"70":{"start":{"line":123,"column":16},"end":{"line":123,"column":63}},"71":{"start":{"line":124,"column":2},"end":{"line":124,"column":103}},"72":{"start":{"line":124,"column":36},"end":{"line":124,"column":103}},"73":{"start":{"line":126,"column":16},"end":{"line":126,"column":52}},"74":{"start":{"line":127,"column":2},"end":{"line":127,"column":59}},"75":{"start":{"line":127,"column":14},"end":{"line":127,"column":59}},"76":{"start":{"line":128,"column":2},"end":{"line":130,"column":3}},"77":{"start":{"line":129,"column":4},"end":{"line":129,"column":47}},"78":{"start":{"line":132,"column":2},"end":{"line":132,"column":45}},"79":{"start":{"line":133,"column":2},"end":{"line":133,"column":70}},"80":{"start":{"line":134,"column":2},"end":{"line":134,"column":23}},"81":{"start":{"line":141,"column":18},"end":{"line":141,"column":42}},"82":{"start":{"line":142,"column":2},"end":{"line":142,"column":63}},"83":{"start":{"line":142,"column":16},"end":{"line":142,"column":63}},"84":{"start":{"line":143,"column":2},"end":{"line":143,"column":102}},"85":{"start":{"line":143,"column":36},"end":{"line":143,"column":102}},"86":{"start":{"line":145,"column":16},"end":{"line":145,"column":52}},"87":{"start":{"line":146,"column":2},"end":{"line":146,"column":59}},"88":{"start":{"line":146,"column":14},"end":{"line":146,"column":59}},"89":{"start":{"line":147,"column":2},"end":{"line":149,"column":3}},"90":{"start":{"line":148,"column":4},"end":{"line":148,"column":47}},"91":{"start":{"line":151,"column":2},"end":{"line":151,"column":45}},"92":{"start":{"line":152,"column":2},"end":{"line":152,"column":69}},"93":{"start":{"line":153,"column":2},"end":{"line":153,"column":23}}},"fnMap":{"0":{"name":"calcNights","decl":{"start":{"line":24,"column":9},"end":{"line":24,"column":19}},"loc":{"start":{"line":24,"column":53},"end":{"line":27,"column":1}}},"1":{"name":"createBooking","decl":{"start":{"line":29,"column":22},"end":{"line":29,"column":35}},"loc":{"start":{"line":31,"column":20},"end":{"line":72,"column":1}}},"2":{"name":"getUserBookings","decl":{"start":{"line":74,"column":22},"end":{"line":74,"column":37}},"loc":{"start":{"line":74,"column":56},"end":{"line":77,"column":1}}},"3":{"name":"getAllBookings","decl":{"start":{"line":79,"column":22},"end":{"line":79,"column":36}},"loc":{"start":{"line":79,"column":36},"end":{"line":82,"column":1}}},"4":{"name":"getOwnerBookings","decl":{"start":{"line":84,"column":22},"end":{"line":84,"column":38}},"loc":{"start":{"line":84,"column":57},"end":{"line":94,"column":1}}},"5":{"name":"(anonymous_5)","decl":{"start":{"line":87,"column":37},"end":{"line":87,"column":38}},"loc":{"start":{"line":87,"column":44},"end":{"line":87,"column":48}}},"6":{"name":"cancelBooking","decl":{"start":{"line":96,"column":22},"end":{"line":96,"column":35}},"loc":{"start":{"line":96,"column":66},"end":{"line":105,"column":1}}},"7":{"name":"confirmBooking","decl":{"start":{"line":107,"column":22},"end":{"line":107,"column":36}},"loc":{"start":{"line":107,"column":67},"end":{"line":116,"column":1}}},"8":{"name":"confirmBookingForOwner","decl":{"start":{"line":121,"column":22},"end":{"line":121,"column":44}},"loc":{"start":{"line":121,"column":75},"end":{"line":135,"column":1}}},"9":{"name":"rejectBookingForOwner","decl":{"start":{"line":140,"column":22},"end":{"line":140,"column":43}},"loc":{"start":{"line":140,"column":74},"end":{"line":154,"column":1}}}},"branchMap":{"0":{"loc":{"start":{"line":34,"column":2},"end":{"line":36,"column":3}},"type":"if","locations":[{"start":{"line":34,"column":2},"end":{"line":36,"column":3}}]},"1":{"loc":{"start":{"line":39,"column":2},"end":{"line":39,"column":59}},"type":"if","locations":[{"start":{"line":39,"column":2},"end":{"line":39,"column":59}}]},"2":{"loc":{"start":{"line":40,"column":2},"end":{"line":40,"column":95}},"type":"if","locations":[{"start":{"line":40,"column":2},"end":{"line":40,"column":95}}]},"3":{"loc":{"start":{"line":41,"column":2},"end":{"line":43,"column":3}},"type":"if","locations":[{"start":{"line":41,"column":2},"end":{"line":43,"column":3}}]},"4":{"loc":{"start":{"line":46,"column":2},"end":{"line":46,"column":104}},"type":"if","locations":[{"start":{"line":46,"column":2},"end":{"line":46,"column":104}}]},"5":{"loc":{"start":{"line":98,"column":2},"end":{"line":98,"column":63}},"type":"if","locations":[{"start":{"line":98,"column":2},"end":{"line":98,"column":63}}]},"6":{"loc":{"start":{"line":99,"column":2},"end":{"line":99,"column":84}},"type":"if","locations":[{"start":{"line":99,"column":2},"end":{"line":99,"column":84}}]},"7":{"loc":{"start":{"line":100,"column":2},"end":{"line":100,"column":95}},"type":"if","locations":[{"start":{"line":100,"column":2},"end":{"line":100,"column":95}}]},"8":{"loc":{"start":{"line":108,"column":2},"end":{"line":108,"column":73}},"type":"if","locations":[{"start":{"line":108,"column":2},"end":{"line":108,"column":73}}]},"9":{"loc":{"start":{"line":111,"column":2},"end":{"line":111,"column":63}},"type":"if","locations":[{"start":{"line":111,"column":2},"end":{"line":111,"column":63}}]},"10":{"loc":{"start":{"line":123,"column":2},"end":{"line":123,"column":63}},"type":"if","locations":[{"start":{"line":123,"column":2},"end":{"line":123,"column":63}}]},"11":{"loc":{"start":{"line":124,"column":2},"end":{"line":124,"column":103}},"type":"if","locations":[{"start":{"line":124,"column":2},"end":{"line":124,"column":103}}]},"12":{"loc":{"start":{"line":127,"column":2},"end":{"line":127,"column":59}},"type":"if","locations":[{"start":{"line":127,"column":2},"end":{"line":127,"column":59}}]},"13":{"loc":{"start":{"line":128,"column":2},"end":{"line":130,"column":3}},"type":"if","locations":[{"start":{"line":128,"column":2},"end":{"line":130,"column":3}}]},"14":{"loc":{"start":{"line":128,"column":6},"end":{"line":128,"column":59}},"type":"binary-expr","locations":[{"start":{"line":128,"column":6},"end":{"line":128,"column":28}},{"start":{"line":128,"column":32},"end":{"line":128,"column":59}}]},"15":{"loc":{"start":{"line":142,"column":2},"end":{"line":142,"column":63}},"type":"if","locations":[{"start":{"line":142,"column":2},"end":{"line":142,"column":63}}]},"16":{"loc":{"start":{"line":143,"column":2},"end":{"line":143,"column":102}},"type":"if","locations":[{"start":{"line":143,"column":2},"end":{"line":143,"column":102}}]},"17":{"loc":{"start":{"line":146,"column":2},"end":{"line":146,"column":59}},"type":"if","locations":[{"start":{"line":146,"column":2},"end":{"line":146,"column":59}}]},"18":{"loc":{"start":{"line":147,"column":2},"end":{"line":149,"column":3}},"type":"if","locations":[{"start":{"line":147,"column":2},"end":{"line":149,"column":3}}]},"19":{"loc":{"start":{"line":147,"column":6},"end":{"line":147,"column":59}},"type":"binary-expr","locations":[{"start":{"line":147,"column":6},"end":{"line":147,"column":28}},{"start":{"line":147,"column":32},"end":{"line":147,"column":59}}]}},"s":{"0":1,"1":1,"2":1,"3":1,"4":1,"5":1,"6":1,"7":1,"8":1,"9":1,"10":1,"11":1,"12":1,"13":1,"14":1,"15":1,"16":1,"17":1,"18":1,"19":6,"20":6,"21":2,"22":4,"23":4,"24":1,"25":3,"26":1,"27":2,"28":1,"29":1,"30":1,"31":0,"32":1,"33":1,"34":1,"35":1,"36":1,"37":1,"38":2,"39":2,"40":2,"41":2,"42":3,"43":3,"44":2,"45":1,"46":2,"47":2,"48":1,"49":1,"50":5,"51":5,"52":1,"53":4,"54":1,"55":3,"56":1,"57":2,"58":2,"59":2,"60":4,"61":2,"62":2,"63":2,"64":1,"65":1,"66":1,"67":1,"68":6,"69":6,"70":1,"71":5,"72":1,"73":4,"74":4,"75":1,"76":3,"77":1,"78":2,"79":2,"80":2,"81":6,"82":6,"83":1,"84":5,"85":1,"86":4,"87":4,"88":1,"89":3,"90":1,"91":2,"92":2,"93":2},"f":{"0":1,"1":6,"2":2,"3":2,"4":3,"5":1,"6":5,"7":4,"8":6,"9":6},"b":{"0":[2],"1":[1],"2":[1],"3":[1],"4":[0],"5":[1],"6":[1],"7":[1],"8":[2],"9":[1],"10":[1],"11":[1],"12":[1],"13":[1],"14":[3,2],"15":[1],"16":[1],"17":[1],"18":[1],"19":[3,2]}}
,"/home/runner/work/CabaneApuseni/CabaneApuseni/modules/cabins/actions.ts": {"path":"/home/runner/work/CabaneApuseni/CabaneApuseni/modules/cabins/actions.ts","statementMap":{"0":{"start":{"line":23,"column":0},"end":{"line":23,"column":7}},"1":{"start":{"line":50,"column":0},"end":{"line":50,"column":7}},"2":{"start":{"line":71,"column":0},"end":{"line":71,"column":7}},"3":{"start":{"line":92,"column":0},"end":{"line":92,"column":7}},"4":{"start":{"line":7,"column":0},"end":{"line":7,"column":51}},"5":{"start":{"line":8,"column":0},"end":{"line":8,"column":null}},"6":{"start":{"line":14,"column":0},"end":{"line":14,"column":44}},"7":{"start":{"line":26,"column":18},"end":{"line":26,"column":39}},"8":{"start":{"line":27,"column":2},"end":{"line":27,"column":72}},"9":{"start":{"line":27,"column":16},"end":{"line":27,"column":72}},"10":{"start":{"line":28,"column":2},"end":{"line":30,"column":3}},"11":{"start":{"line":29,"column":4},"end":{"line":29,"column":56}},"12":{"start":{"line":32,"column":17},"end":{"line":32,"column":50}},"13":{"start":{"line":33,"column":2},"end":{"line":39,"column":3}},"14":{"start":{"line":34,"column":4},"end":{"line":38,"column":6}},"15":{"start":{"line":41,"column":2},"end":{"line":41,"column":36}},"16":{"start":{"line":42,"column":2},"end":{"line":42,"column":43}},"17":{"start":{"line":43,"column":2},"end":{"line":43,"column":46}},"18":{"start":{"line":44,"column":2},"end":{"line":44,"column":47}},"19":{"start":{"line":54,"column":18},"end":{"line":54,"column":39}},"20":{"start":{"line":55,"column":2},"end":{"line":55,"column":72}},"21":{"start":{"line":55,"column":16},"end":{"line":55,"column":72}},"22":{"start":{"line":57,"column":17},"end":{"line":57,"column":57}},"23":{"start":{"line":58,"column":2},"end":{"line":60,"column":3}},"24":{"start":{"line":59,"column":4},"end":{"line":59,"column":54}},"25":{"start":{"line":62,"column":2},"end":{"line":62,"column":36}},"26":{"start":{"line":63,"column":2},"end":{"line":63,"column":43}},"27":{"start":{"line":64,"column":2},"end":{"line":64,"column":46}},"28":{"start":{"line":65,"column":2},"end":{"line":65,"column":22}},"29":{"start":{"line":75,"column":18},"end":{"line":75,"column":39}},"30":{"start":{"line":76,"column":2},"end":{"line":76,"column":72}},"31":{"start":{"line":76,"column":16},"end":{"line":76,"column":72}},"32":{"start":{"line":78,"column":17},"end":{"line":78,"column":65}},"33":{"start":{"line":79,"column":2},"end":{"line":81,"column":3}},"34":{"start":{"line":80,"column":4},"end":{"line":80,"column":54}},"35":{"start":{"line":83,"column":2},"end":{"line":83,"column":36}},"36":{"start":{"line":84,"column":2},"end":{"line":84,"column":43}},"37":{"start":{"line":85,"column":2},"end":{"line":85,"column":46}},"38":{"start":{"line":86,"column":2},"end":{"line":86,"column":22}},"39":{"start":{"line":95,"column":18},"end":{"line":95,"column":39}},"40":{"start":{"line":96,"column":2},"end":{"line":96,"column":72}},"41":{"start":{"line":96,"column":16},"end":{"line":96,"column":72}},"42":{"start":{"line":98,"column":17},"end":{"line":98,"column":52}},"43":{"start":{"line":99,"column":2},"end":{"line":101,"column":3}},"44":{"start":{"line":100,"column":4},"end":{"line":100,"column":54}},"45":{"start":{"line":103,"column":2},"end":{"line":103,"column":36}},"46":{"start":{"line":104,"column":2},"end":{"line":104,"column":43}},"47":{"start":{"line":105,"column":2},"end":{"line":105,"column":46}},"48":{"start":{"line":106,"column":2},"end":{"line":106,"column":22}}},"fnMap":{"0":{"name":"createCabinAction","decl":{"start":{"line":23,"column":22},"end":{"line":23,"column":39}},"loc":{"start":{"line":24,"column":19},"end":{"line":45,"column":1}}},"1":{"name":"updateCabinAction","decl":{"start":{"line":50,"column":22},"end":{"line":50,"column":39}},"loc":{"start":{"line":52,"column":28},"end":{"line":66,"column":1}}},"2":{"name":"togglePublishAction","decl":{"start":{"line":71,"column":22},"end":{"line":71,"column":41}},"loc":{"start":{"line":73,"column":20},"end":{"line":87,"column":1}}},"3":{"name":"deleteCabinAction","decl":{"start":{"line":92,"column":22},"end":{"line":92,"column":39}},"loc":{"start":{"line":93,"column":17},"end":{"line":107,"column":1}}}},"branchMap":{"0":{"loc":{"start":{"line":27,"column":2},"end":{"line":27,"column":72}},"type":"if","locations":[{"start":{"line":27,"column":2},"end":{"line":27,"column":72}}]},"1":{"loc":{"start":{"line":28,"column":2},"end":{"line":30,"column":3}},"type":"if","locations":[{"start":{"line":28,"column":2},"end":{"line":30,"column":3}}]},"2":{"loc":{"start":{"line":28,"column":6},"end":{"line":28,"column":58}},"type":"binary-expr","locations":[{"start":{"line":28,"column":6},"end":{"line":28,"column":30}},{"start":{"line":28,"column":34},"end":{"line":28,"column":58}}]},"3":{"loc":{"start":{"line":33,"column":2},"end":{"line":39,"column":3}},"type":"if","locations":[{"start":{"line":33,"column":2},"end":{"line":39,"column":3}}]},"4":{"loc":{"start":{"line":55,"column":2},"end":{"line":55,"column":72}},"type":"if","locations":[{"start":{"line":55,"column":2},"end":{"line":55,"column":72}}]},"5":{"loc":{"start":{"line":58,"column":2},"end":{"line":60,"column":3}},"type":"if","locations":[{"start":{"line":58,"column":2},"end":{"line":60,"column":3}}]},"6":{"loc":{"start":{"line":76,"column":2},"end":{"line":76,"column":72}},"type":"if","locations":[{"start":{"line":76,"column":2},"end":{"line":76,"column":72}}]},"7":{"loc":{"start":{"line":79,"column":2},"end":{"line":81,"column":3}},"type":"if","locations":[{"start":{"line":79,"column":2},"end":{"line":81,"column":3}}]},"8":{"loc":{"start":{"line":96,"column":2},"end":{"line":96,"column":72}},"type":"if","locations":[{"start":{"line":96,"column":2},"end":{"line":96,"column":72}}]},"9":{"loc":{"start":{"line":99,"column":2},"end":{"line":101,"column":3}},"type":"if","locations":[{"start":{"line":99,"column":2},"end":{"line":101,"column":3}}]}},"s":{"0":1,"1":1,"2":1,"3":1,"4":1,"5":1,"6":1,"7":5,"8":5,"9":1,"10":4,"11":1,"12":3,"13":3,"14":1,"15":2,"16":2,"17":2,"18":2,"19":4,"20":4,"21":1,"22":3,"23":3,"24":2,"25":1,"26":1,"27":1,"28":1,"29":4,"30":4,"31":1,"32":3,"33":3,"34":1,"35":2,"36":2,"37":2,"38":2,"39":5,"40":5,"41":1,"42":4,"43":4,"44":2,"45":2,"46":2,"47":2,"48":2},"f":{"0":5,"1":4,"2":4,"3":5},"b":{"0":[1],"1":[1],"2":[4,2],"3":[1],"4":[1],"5":[2],"6":[1],"7":[1],"8":[1],"9":[2]}}
,"/home/runner/work/CabaneApuseni/CabaneApuseni/modules/cabins/application/cabinService.ts": {"path":"/home/runner/work/CabaneApuseni/CabaneApuseni/modules/cabins/application/cabinService.ts","statementMap":{"0":{"start":{"line":24,"column":0},"end":{"line":24,"column":7}},"1":{"start":{"line":34,"column":0},"end":{"line":34,"column":7}},"2":{"start":{"line":44,"column":0},"end":{"line":44,"column":7}},"3":{"start":{"line":54,"column":0},"end":{"line":54,"column":7}},"4":{"start":{"line":68,"column":0},"end":{"line":68,"column":7}},"5":{"start":{"line":89,"column":0},"end":{"line":89,"column":7}},"6":{"start":{"line":106,"column":0},"end":{"line":106,"column":7}},"7":{"start":{"line":4,"column":0},"end":{"line":4,"column":53}},"8":{"start":{"line":5,"column":0},"end":{"line":5,"column":72}},"9":{"start":{"line":6,"column":0},"end":{"line":6,"column":null}},"10":{"start":{"line":18,"column":0},"end":{"line":18,"column":58}},"11":{"start":{"line":19,"column":0},"end":{"line":19,"column":36}},"12":{"start":{"line":20,"column":0},"end":{"line":20,"column":70}},"13":{"start":{"line":22,"column":12},"end":{"line":22,"column":52}},"14":{"start":{"line":25,"column":2},"end":{"line":31,"column":3}},"15":{"start":{"line":26,"column":19},"end":{"line":26,"column":46}},"16":{"start":{"line":27,"column":4},"end":{"line":27,"column":56}},"17":{"start":{"line":29,"column":4},"end":{"line":29,"column":102}},"18":{"start":{"line":30,"column":4},"end":{"line":30,"column":27}},"19":{"start":{"line":35,"column":2},"end":{"line":41,"column":3}},"20":{"start":{"line":36,"column":19},"end":{"line":36,"column":40}},"21":{"start":{"line":37,"column":4},"end":{"line":37,"column":22}},"22":{"start":{"line":39,"column":4},"end":{"line":39,"column":54}},"23":{"start":{"line":40,"column":4},"end":{"line":40,"column":60}},"24":{"start":{"line":45,"column":2},"end":{"line":51,"column":3}},"25":{"start":{"line":46,"column":19},"end":{"line":46,"column":51}},"26":{"start":{"line":47,"column":4},"end":{"line":47,"column":22}},"27":{"start":{"line":49,"column":4},"end":{"line":49,"column":65}},"28":{"start":{"line":50,"column":4},"end":{"line":50,"column":67}},"29":{"start":{"line":55,"column":2},"end":{"line":65,"column":3}},"30":{"start":{"line":56,"column":18},"end":{"line":56,"column":44}},"31":{"start":{"line":57,"column":21},"end":{"line":57,"column":67}},"32":{"start":{"line":57,"column":48},"end":{"line":57,"column":66}},"33":{"start":{"line":58,"column":4},"end":{"line":58,"column":84}},"34":{"start":{"line":58,"column":29},"end":{"line":58,"column":84}},"35":{"start":{"line":59,"column":4},"end":{"line":59,"column":34}},"36":{"start":{"line":61,"column":4},"end":{"line":61,"column":62}},"37":{"start":{"line":62,"column":21},"end":{"line":62,"column":67}},"38":{"start":{"line":62,"column":48},"end":{"line":62,"column":66}},"39":{"start":{"line":63,"column":4},"end":{"line":63,"column":82}},"40":{"start":{"line":63,"column":19},"end":{"line":63,"column":82}},"41":{"start":{"line":64,"column":4},"end":{"line":64,"column":24}},"42":{"start":{"line":69,"column":17},"end":{"line":69,"column":45}},"43":{"start":{"line":70,"column":2},"end":{"line":72,"column":3}},"44":{"start":{"line":71,"column":4},"end":{"line":71,"column":123}},"45":{"start":{"line":74,"column":14},"end":{"line":74,"column":38}},"46":{"start":{"line":75,"column":13},"end":{"line":75,"column":25}},"47":{"start":{"line":76,"column":23},"end":{"line":76,"column":97}},"48":{"start":{"line":78,"column":2},"end":{"line":83,"column":3}},"49":{"start":{"line":79,"column":4},"end":{"line":79,"column":96}},"50":{"start":{"line":81,"column":4},"end":{"line":81,"column":70}},"51":{"start":{"line":82,"column":4},"end":{"line":82,"column":77}},"52":{"start":{"line":85,"column":2},"end":{"line":85,"column":57}},"53":{"start":{"line":86,"column":2},"end":{"line":86,"column":19}},"54":{"start":{"line":94,"column":19},"end":{"line":94,"column":41}},"55":{"start":{"line":95,"column":2},"end":{"line":95,"column":62}},"56":{"start":{"line":95,"column":17},"end":{"line":95,"column":62}},"57":{"start":{"line":97,"column":2},"end":{"line":99,"column":3}},"58":{"start":{"line":98,"column":4},"end":{"line":98,"column":47}},"59":{"start":{"line":101,"column":2},"end":{"line":101,"column":31}},"60":{"start":{"line":102,"column":2},"end":{"line":102,"column":57}},"61":{"start":{"line":103,"column":2},"end":{"line":103,"column":23}},"62":{"start":{"line":107,"column":19},"end":{"line":107,"column":41}},"63":{"start":{"line":108,"column":2},"end":{"line":108,"column":62}},"64":{"start":{"line":108,"column":17},"end":{"line":108,"column":62}},"65":{"start":{"line":110,"column":2},"end":{"line":112,"column":3}},"66":{"start":{"line":111,"column":4},"end":{"line":111,"column":47}},"67":{"start":{"line":114,"column":2},"end":{"line":114,"column":24}},"68":{"start":{"line":115,"column":2},"end":{"line":115,"column":57}},"69":{"start":{"line":116,"column":2},"end":{"line":116,"column":23}}},"fnMap":{"0":{"name":"getPublishedCabins","decl":{"start":{"line":24,"column":22},"end":{"line":24,"column":40}},"loc":{"start":{"line":24,"column":40},"end":{"line":32,"column":1}}},"1":{"name":"getAllCabins","decl":{"start":{"line":34,"column":22},"end":{"line":34,"column":34}},"loc":{"start":{"line":34,"column":34},"end":{"line":42,"column":1}}},"2":{"name":"getOwnerCabins","decl":{"start":{"line":44,"column":22},"end":{"line":44,"column":36}},"loc":{"start":{"line":44,"column":52},"end":{"line":52,"column":1}}},"3":{"name":"getCabinDetail","decl":{"start":{"line":54,"column":22},"end":{"line":54,"column":36}},"loc":{"start":{"line":54,"column":49},"end":{"line":66,"column":1}}},"4":{"name":"(anonymous_4)","decl":{"start":{"line":57,"column":38},"end":{"line":57,"column":39}},"loc":{"start":{"line":57,"column":48},"end":{"line":57,"column":66}}},"5":{"name":"(anonymous_5)","decl":{"start":{"line":62,"column":38},"end":{"line":62,"column":39}},"loc":{"start":{"line":62,"column":48},"end":{"line":62,"column":66}}},"6":{"name":"createCabin","decl":{"start":{"line":68,"column":22},"end":{"line":68,"column":33}},"loc":{"start":{"line":68,"column":71},"end":{"line":87,"column":1}}},"7":{"name":"editCabin","decl":{"start":{"line":89,"column":22},"end":{"line":89,"column":31}},"loc":{"start":{"line":92,"column":20},"end":{"line":104,"column":1}}},"8":{"name":"removeCabin","decl":{"start":{"line":106,"column":22},"end":{"line":106,"column":33}},"loc":{"start":{"line":106,"column":64},"end":{"line":117,"column":1}}}},"branchMap":{"0":{"loc":{"start":{"line":27,"column":14},"end":{"line":27,"column":54}},"type":"cond-expr","locations":[{"start":{"line":27,"column":34},"end":{"line":27,"column":40}},{"start":{"line":27,"column":43},"end":{"line":27,"column":54}}]},"1":{"loc":{"start":{"line":58,"column":4},"end":{"line":58,"column":84}},"type":"if","locations":[{"start":{"line":58,"column":4},"end":{"line":58,"column":84}}]},"2":{"loc":{"start":{"line":58,"column":8},"end":{"line":58,"column":27}},"type":"binary-expr","locations":[{"start":{"line":58,"column":8},"end":{"line":58,"column":14}},{"start":{"line":58,"column":18},"end":{"line":58,"column":27}}]},"3":{"loc":{"start":{"line":59,"column":14},"end":{"line":59,"column":32}},"type":"binary-expr","locations":[{"start":{"line":59,"column":14},"end":{"line":59,"column":19}},{"start":{"line":59,"column":23},"end":{"line":59,"column":32}}]},"4":{"loc":{"start":{"line":63,"column":4},"end":{"line":63,"column":82}},"type":"if","locations":[{"start":{"line":63,"column":4},"end":{"line":63,"column":82}}]},"5":{"loc":{"start":{"line":70,"column":2},"end":{"line":72,"column":3}},"type":"if","locations":[{"start":{"line":70,"column":2},"end":{"line":72,"column":3}}]},"6":{"loc":{"start":{"line":95,"column":2},"end":{"line":95,"column":62}},"type":"if","locations":[{"start":{"line":95,"column":2},"end":{"line":95,"column":62}}]},"7":{"loc":{"start":{"line":97,"column":2},"end":{"line":99,"column":3}},"type":"if","locations":[{"start":{"line":97,"column":2},"end":{"line":99,"column":3}}]},"8":{"loc":{"start":{"line":97,"column":6},"end":{"line":97,"column":62}},"type":"binary-expr","locations":[{"start":{"line":97,"column":6},"end":{"line":97,"column":28}},{"start":{"line":97,"column":32},"end":{"line":97,"column":62}}]},"9":{"loc":{"start":{"line":108,"column":2},"end":{"line":108,"column":62}},"type":"if","locations":[{"start":{"line":108,"column":2},"end":{"line":108,"column":62}}]},"10":{"loc":{"start":{"line":110,"column":2},"end":{"line":112,"column":3}},"type":"if","locations":[{"start":{"line":110,"column":2},"end":{"line":112,"column":3}}]},"11":{"loc":{"start":{"line":110,"column":6},"end":{"line":110,"column":62}},"type":"binary-expr","locations":[{"start":{"line":110,"column":6},"end":{"line":110,"column":28}},{"start":{"line":110,"column":32},"end":{"line":110,"column":62}}]}},"s":{"0":1,"1":1,"2":1,"3":1,"4":1,"5":1,"6":1,"7":1,"8":1,"9":1,"10":1,"11":1,"12":1,"13":1,"14":3,"15":3,"16":2,"17":1,"18":1,"19":3,"20":3,"21":2,"22":1,"23":1,"24":3,"25":3,"26":2,"27":1,"28":1,"29":5,"30":5,"31":3,"32":7,"33":3,"34":1,"35":2,"36":2,"37":2,"38":4,"39":2,"40":1,"41":1,"42":3,"43":3,"44":1,"45":2,"46":2,"47":2,"48":2,"49":2,"50":1,"51":1,"52":1,"53":1,"54":4,"55":4,"56":1,"57":3,"58":1,"59":2,"60":2,"61":2,"62":3,"63":3,"64":1,"65":2,"66":1,"67":1,"68":1,"69":1},"f":{"0":3,"1":3,"2":3,"3":5,"4":7,"5":4,"6":3,"7":4,"8":3},"b":{"0":[1,1],"1":[1],"2":[3,2],"3":[2,1],"4":[1],"5":[1],"6":[1],"7":[1],"8":[3,2],"9":[1],"10":[1],"11":[2,2]}}
,"/home/runner/work/CabaneApuseni/CabaneApuseni/modules/cabins/application/mockCabins.ts": {"path":"/home/runner/work/CabaneApuseni/CabaneApuseni/modules/cabins/application/mockCabins.ts","statementMap":{"0":{"start":{"line":3,"column":16},"end":{"line":3,"column":42}},"1":{"start":{"line":5,"column":13},"end":{"line":51,"column":2}}},"fnMap":{},"branchMap":{},"s":{"0":1,"1":1},"f":{},"b":{}}
,"/home/runner/work/CabaneApuseni/CabaneApuseni/modules/users/application/userService.ts": {"path":"/home/runner/work/CabaneApuseni/CabaneApuseni/modules/users/application/userService.ts","statementMap":{"0":{"start":{"line":12,"column":0},"end":{"line":12,"column":7}},"1":{"start":{"line":18,"column":0},"end":{"line":18,"column":7}},"2":{"start":{"line":4,"column":0},"end":{"line":4,"column":53}},"3":{"start":{"line":5,"column":0},"end":{"line":5,"column":88}},"4":{"start":{"line":6,"column":0},"end":{"line":6,"column":97}},"5":{"start":{"line":8,"column":0},"end":{"line":8,"column":58}},"6":{"start":{"line":10,"column":12},"end":{"line":10,"column":51}},"7":{"start":{"line":13,"column":18},"end":{"line":13,"column":40}},"8":{"start":{"line":14,"column":2},"end":{"line":14,"column":68}},"9":{"start":{"line":14,"column":16},"end":{"line":14,"column":68}},"10":{"start":{"line":15,"column":2},"end":{"line":15,"column":21}},"11":{"start":{"line":22,"column":17},"end":{"line":22,"column":53}},"12":{"start":{"line":23,"column":2},"end":{"line":25,"column":3}},"13":{"start":{"line":24,"column":4},"end":{"line":24,"column":118}},"14":{"start":{"line":27,"column":2},"end":{"line":27,"column":37}},"15":{"start":{"line":28,"column":2},"end":{"line":28,"column":39}},"16":{"start":{"line":29,"column":2},"end":{"line":29,"column":23}}},"fnMap":{"0":{"name":"getProfile","decl":{"start":{"line":12,"column":22},"end":{"line":12,"column":32}},"loc":{"start":{"line":12,"column":44},"end":{"line":16,"column":1}}},"1":{"name":"updateProfile","decl":{"start":{"line":18,"column":22},"end":{"line":18,"column":35}},"loc":{"start":{"line":20,"column":27},"end":{"line":30,"column":1}}}},"branchMap":{"0":{"loc":{"start":{"line":14,"column":2},"end":{"line":14,"column":68}},"type":"if","locations":[{"start":{"line":14,"column":2},"end":{"line":14,"column":68}}]},"1":{"loc":{"start":{"line":23,"column":2},"end":{"line":25,"column":3}},"type":"if","locations":[{"start":{"line":23,"column":2},"end":{"line":25,"column":3}}]}},"s":{"0":1,"1":1,"2":1,"3":1,"4":1,"5":1,"6":1,"7":2,"8":2,"9":1,"10":1,"11":5,"12":5,"13":3,"14":2,"15":2,"16":2},"f":{"0":2,"1":5},"b":{"0":[1],"1":[3]}}
}
