TN:
SF:lib/auth.ts
FN:19,signUp
FN:36,signIn
FN:41,signOut
FNF:3
FNH:0
FNDA:0,signUp
FNDA:0,signIn
FNDA:0,signOut
DA:1,0
DA:7,0
DA:8,0
DA:19,0
DA:25,0
DA:26,0
DA:33,0
DA:36,0
DA:37,0
DA:38,0
DA:41,0
DA:42,0
LF:12
LH:0
BRF:0
BRH:0
end_of_record
TN:
SF:lib/constants.ts
FNF:0
FNH:0
DA:7,0
LF:1
LH:0
BRF:0
BRH:0
end_of_record
TN:
SF:lib/env.ts
FN:26,parseEnv
FN:33,(anonymous_1)
FN:48,getClientEnv
FN:64,(anonymous_3)
FN:72,getServerEnv
FNF:5
FNH:0
FNDA:0,parseEnv
FNDA:0,(anonymous_1)
FNDA:0,getClientEnv
FNDA:0,(anonymous_3)
FNDA:0,getServerEnv
DA:6,4
DA:8,4
DA:18,4
DA:31,0
DA:32,0
DA:33,0
DA:34,0
DA:36,0
DA:48,4
DA:49,0
DA:50,0
DA:59,0
DA:60,0
DA:63,4
DA:65,0
DA:72,4
DA:73,0
LF:17
LH:6
BRDA:32,0,0,0
BRDA:49,1,0,0
BRDA:75,2,0,0
BRDA:75,2,1,0
BRF:4
BRH:0
end_of_record
TN:
SF:lib/firebase.ts
FNF:0
FNH:0
DA:1,0
DA:2,0
DA:3,0
DA:4,0
DA:5,0
DA:7,0
DA:17,0
DA:19,0
DA:20,0
DA:21,0
DA:23,0
LF:11
LH:0
BRDA:17,0,0,0
BRDA:17,0,1,0
BRF:2
BRH:0
end_of_record
TN:
SF:lib/firestore.ts
FN:108,getUserProfile
FN:116,getPublishedCabins
FN:141,(anonymous_2)
FN:145,getCabin
FN:151,getOwnerCabins
FN:159,(anonymous_5)
FN:162,createCabin
FN:172,updateCabin
FN:181,getOrCreateConversation
FN:208,getConversation
FN:214,getUserConversations
FN:226,(anonymous_11)
FN:229,subscribeToConversation
FN:233,(anonymous_13)
FN:240,subscribeToMessages
FN:249,(anonymous_15)
FN:252,(anonymous_16)
FN:253,(anonymous_17)
FN:259,sendMessage
FN:271,acceptProposal
FN:293,declineProposal
FN:299,getBookingByConversation
FN:311,createReview
FN:321,getBookingReview
FN:329,getCabinReviews
FN:339,(anonymous_25)
FN:344,createReport
FN:354,getPendingReports
FN:362,(anonymous_28)
FN:365,actionReport
FN:369,hideAndActionReport
FNF:31
FNH:0
FNDA:0,getUserProfile
FNDA:0,getPublishedCabins
FNDA:0,(anonymous_2)
FNDA:0,getCabin
FNDA:0,getOwnerCabins
FNDA:0,(anonymous_5)
FNDA:0,createCabin
FNDA:0,updateCabin
FNDA:0,getOrCreateConversation
FNDA:0,getConversation
FNDA:0,getUserConversations
FNDA:0,(anonymous_11)
FNDA:0,subscribeToConversation
FNDA:0,(anonymous_13)
FNDA:0,subscribeToMessages
FNDA:0,(anonymous_15)
FNDA:0,(anonymous_16)
FNDA:0,(anonymous_17)
FNDA:0,sendMessage
FNDA:0,acceptProposal
FNDA:0,declineProposal
FNDA:0,getBookingByConversation
FNDA:0,createReview
FNDA:0,getBookingReview
FNDA:0,getCabinReviews
FNDA:0,(anonymous_25)
FNDA:0,createReport
FNDA:0,getPendingReports
FNDA:0,(anonymous_28)
FNDA:0,actionReport
FNDA:0,hideAndActionReport
DA:1,0
DA:19,0
DA:108,0
DA:109,0
DA:110,0
DA:111,0
DA:116,0
DA:122,0
DA:123,0
DA:132,0
DA:140,0
DA:141,0
DA:142,0
DA:145,0
DA:146,0
DA:147,0
DA:148,0
DA:151,0
DA:152,0
DA:159,0
DA:162,0
DA:165,0
DA:169,0
DA:172,0
DA:176,0
DA:181,0
DA:187,0
DA:195,0
DA:197,0
DA:205,0
DA:208,0
DA:209,0
DA:210,0
DA:211,0
DA:214,0
DA:218,0
DA:219,0
DA:226,0
DA:229,0
DA:233,0
DA:234,0
DA:240,0
DA:244,0
DA:250,0
DA:252,0
DA:253,0
DA:259,0
DA:263,0
DA:271,0
DA:278,0
DA:279,0
DA:280,0
DA:281,0
DA:289,0
DA:290,0
DA:293,0
DA:294,0
DA:299,0
DA:302,0
DA:305,0
DA:306,0
DA:311,0
DA:314,0
DA:321,0
DA:322,0
DA:325,0
DA:326,0
DA:329,0
DA:331,0
DA:339,0
DA:344,0
DA:347,0
DA:354,0
DA:355,0
DA:362,0
DA:365,0
DA:366,0
DA:369,0
DA:374,0
DA:375,0
DA:376,0
DA:377,0
DA:378,0
LF:83
LH:0
BRDA:110,0,0,0
BRDA:118,1,0,0
BRDA:122,2,0,0
BRDA:122,2,1,0
BRDA:142,3,0,0
BRDA:142,3,1,0
BRDA:147,4,0,0
BRDA:195,5,0,0
BRDA:210,6,0,0
BRDA:218,7,0,0
BRDA:218,7,1,0
BRDA:234,8,0,0
BRDA:234,8,1,0
BRDA:305,9,0,0
BRDA:325,10,0,0
BRDA:375,11,0,0
BRDA:375,11,1,0
BRF:17
BRH:0
end_of_record
TN:
SF:lib/result.ts
FN:25,ok
FN:29,fail
FNF:2
FNH:2
FNDA:47,ok
FNDA:56,fail
DA:25,6
DA:26,47
DA:29,6
DA:30,56
LF:4
LH:4
BRF:0
BRH:0
end_of_record
TN:
SF:lib/storage.ts
FN:4,uploadCabinPhoto
FNF:1
FNH:0
FNDA:0,uploadCabinPhoto
DA:1,0
DA:2,0
DA:4,0
DA:5,0
DA:6,0
DA:7,0
DA:8,0
DA:9,0
LF:8
LH:0
BRF:0
BRH:0
end_of_record
TN:
SF:lib/auth/authorization.ts
FN:14,requireAuth
FN:25,requireOwner
FN:42,requireAdmin
FN:57,hasRole
FN:67,canAccess
FNF:5
FNH:5
FNDA:2,requireAuth
FNDA:6,requireOwner
FNDA:6,requireAdmin
FNDA:9,hasRole
FNDA:9,canAccess
DA:6,2
DA:7,2
DA:8,2
DA:14,2
DA:15,2
DA:16,2
DA:17,1
DA:25,2
DA:26,6
DA:27,6
DA:28,5
DA:31,3
DA:32,3
DA:33,3
DA:34,1
DA:42,2
DA:43,6
DA:44,6
DA:45,5
DA:48,4
DA:49,4
DA:50,4
DA:51,1
DA:57,2
DA:58,9
DA:59,6
DA:60,3
DA:61,0
DA:67,2
DA:68,9
LF:30
LH:29
BRDA:16,0,0,1
BRDA:27,1,0,1
BRDA:28,2,0,2
BRDA:28,3,0,5
BRDA:28,3,1,4
BRDA:32,4,0,3
BRDA:32,4,1,1
BRDA:33,5,0,2
BRDA:33,6,0,3
BRDA:33,6,1,2
BRDA:44,7,0,1
BRDA:45,8,0,1
BRDA:49,9,0,4
BRDA:49,9,1,1
BRDA:50,10,0,3
BRDA:58,11,0,3
BRDA:59,12,0,3
BRDA:59,13,0,3
BRDA:59,13,1,2
BRDA:60,14,0,3
BRDA:68,15,0,9
BRDA:68,15,1,5
BRF:22
BRH:22
end_of_record
TN:
SF:lib/auth/session.ts
FN:19,createSessionCookie
FN:39,verifySession
FN:69,clearSessionCookie
FNF:3
FNH:0
FNDA:0,createSessionCookie
FNDA:0,verifySession
FNDA:0,clearSessionCookie
DA:6,1
DA:7,1
DA:10,1
DA:13,1
DA:19,1
DA:20,0
DA:21,0
DA:25,0
DA:26,0
DA:39,1
DA:40,0
DA:41,0
DA:42,0
DA:43,0
DA:45,0
DA:46,0
DA:50,0
DA:51,0
DA:52,0
DA:56,0
DA:62,0
DA:69,1
DA:70,0
DA:71,0
LF:24
LH:7
BRDA:43,0,0,0
BRDA:52,1,0,0
BRDA:52,1,1,0
BRDA:53,2,0,0
BRDA:53,2,1,0
BRDA:54,3,0,0
BRDA:54,3,1,0
BRDA:58,4,0,0
BRDA:58,4,1,0
BRF:9
BRH:0
end_of_record
TN:
SF:lib/firebase/admin.ts
FN:14,getAdminApp
FN:36,getAdminAuth
FN:40,getAdminFirestore
FNF:3
FNH:0
FNDA:0,getAdminApp
FNDA:0,getAdminAuth
FNDA:0,getAdminFirestore
DA:6,4
DA:10,4
DA:15,0
DA:17,0
DA:18,0
DA:19,0
DA:22,0
DA:24,0
DA:33,0
DA:36,4
DA:37,0
DA:40,4
DA:41,0
LF:13
LH:4
BRDA:15,0,0,0
BRDA:17,1,0,0
BRF:2
BRH:0
end_of_record
TN:
SF:lib/firebase/client.ts
FN:12,getClientApp
FN:26,getClientAuth
FN:30,getClientFirestore
FN:34,getClientStorage
FNF:4
FNH:0
FNDA:0,getClientApp
FNDA:0,getClientAuth
FNDA:0,getClientFirestore
FNDA:0,getClientStorage
DA:6,0
DA:7,0
DA:8,0
DA:9,0
DA:10,0
DA:13,0
DA:14,0
DA:16,0
DA:26,0
DA:27,0
DA:30,0
DA:31,0
DA:34,0
DA:35,0
LF:14
LH:0
BRDA:13,0,0,0
BRF:1
BRH:0
end_of_record
TN:
SF:lib/hooks/useAuth.ts
FN:3,(anonymous_0)
FNF:1
FNH:0
FNDA:0,(anonymous_0)
DA:3,0
LF:1
LH:0
BRF:0
BRH:0
end_of_record
TN:
SF:lib/hooks/useRequireRole.ts
FN:8,useRequireRole
FN:17,(anonymous_1)
FNF:2
FNH:0
FNDA:0,useRequireRole
FNDA:0,(anonymous_1)
DA:3,0
DA:4,0
DA:5,0
DA:8,0
DA:9,0
DA:10,0
DA:13,0
DA:17,0
DA:18,0
DA:19,0
DA:20,0
DA:21,0
DA:22,0
DA:24,0
DA:25,0
DA:30,0
LF:16
LH:0
BRDA:13,0,0,0
BRDA:13,0,1,0
BRDA:18,1,0,0
BRDA:20,2,0,0
BRDA:24,3,0,0
BRF:5
BRH:0
end_of_record
TN:
SF:lib/observability/logger.ts
FN:23,(anonymous_1)
FN:33,createLogger
FNF:2
FNH:0
FNDA:0,(anonymous_1)
FNDA:0,createLogger
DA:6,0
DA:8,0
DA:10,0
DA:24,0
DA:33,0
DA:34,0
LF:6
LH:0
BRDA:11,0,0,0
BRDA:11,0,1,0
BRDA:12,1,0,0
BRDA:12,1,1,0
BRDA:19,2,0,0
BRDA:19,2,1,0
BRF:6
BRH:0
end_of_record
TN:
SF:lib/validation/schemas.ts
FN:22,(anonymous_0)
FN:51,(anonymous_1)
FN:56,(anonymous_2)
FNF:3
FNH:3
FNDA:6,(anonymous_0)
FNDA:16,(anonymous_1)
FNDA:15,(anonymous_2)
DA:6,4
DA:10,4
DA:15,4
DA:22,6
DA:29,4
DA:46,4
DA:51,16
DA:56,15
DA:62,4
LF:9
LH:9
BRF:0
BRH:0
end_of_record
TN:
SF:modules/auth/application/authService.ts
FN:12,exchangeTokenForCookie
FN:19,(anonymous_1)
FN:24,login
FN:29,syncProfile
FN:37,(anonymous_4)
FN:42,register
FN:53,logout
FNF:7
FNH:5
FNDA:4,exchangeTokenForCookie
FNDA:0,(anonymous_1)
FNDA:2,login
FNDA:2,syncProfile
FNDA:0,(anonymous_4)
FNDA:2,register
FNDA:1,logout
DA:5,1
DA:13,4
DA:18,4
DA:19,1
DA:20,1
DA:24,1
DA:25,2
DA:26,2
DA:30,2
DA:36,2
DA:37,1
DA:38,1
DA:42,1
DA:48,2
DA:49,2
DA:50,2
DA:53,1
DA:54,1
DA:55,1
LF:19
LH:19
BRDA:18,0,0,1
BRDA:20,1,0,1
BRDA:20,1,1,0
BRDA:36,2,0,1
BRDA:38,3,0,1
BRDA:38,3,1,0
BRDA:46,4,0,1
BRF:7
BRH:5
end_of_record
TN:
SF:modules/bookings/actions.ts
FN:37,createBookingAction
FN:62,cancelBookingAction
FN:86,confirmBookingAction
FN:102,rejectBookingAction
FNF:4
FNH:4
FNDA:3,createBookingAction
FNDA:3,cancelBookingAction
FNDA:3,confirmBookingAction
FNDA:2,rejectBookingAction
DA:8,1
DA:9,1
DA:15,1
DA:37,1
DA:40,3
DA:41,3
DA:42,1
DA:45,2
DA:46,2
DA:47,1
DA:54,1
DA:55,1
DA:62,1
DA:65,3
DA:66,3
DA:67,1
DA:70,2
DA:71,2
DA:72,1
DA:75,1
DA:76,1
DA:86,1
DA:89,3
DA:90,3
DA:92,2
DA:93,2
DA:95,1
DA:96,1
DA:102,1
DA:105,2
DA:106,2
DA:108,2
DA:109,2
DA:111,1
DA:112,1
LF:35
LH:35
BRDA:41,0,0,1
BRDA:46,1,0,1
BRDA:66,2,0,1
BRDA:71,3,0,1
BRDA:90,4,0,1
BRDA:93,5,0,1
BRDA:106,6,0,0
BRDA:109,7,0,1
BRF:8
BRH:7
end_of_record
TN:
SF:modules/bookings/application/bookingService.ts
FN:24,calcNights
FN:29,createBooking
FN:74,getUserBookings
FN:79,getAllBookings
FN:84,getOwnerBookings
FN:87,(anonymous_5)
FN:96,cancelBooking
FN:107,confirmBooking
FN:121,confirmBookingForOwner
FN:140,rejectBookingForOwner
FNF:10
FNH:10
FNDA:1,calcNights
FNDA:6,createBooking
FNDA:2,getUserBookings
FNDA:2,getAllBookings
FNDA:3,getOwnerBookings
FNDA:1,(anonymous_5)
FNDA:5,cancelBooking
FNDA:4,confirmBooking
FNDA:6,confirmBookingForOwner
FNDA:6,rejectBookingForOwner
DA:4,1
DA:5,1
DA:6,1
DA:14,1
DA:15,1
DA:17,1
DA:18,1
DA:20,1
DA:22,1
DA:25,1
DA:26,1
DA:29,1
DA:33,6
DA:34,6
DA:35,2
DA:38,4
DA:39,4
DA:40,3
DA:41,2
DA:42,1
DA:45,1
DA:46,1
DA:48,1
DA:49,1
DA:50,1
DA:69,1
DA:70,1
DA:71,1
DA:74,1
DA:75,2
DA:76,2
DA:79,1
DA:80,2
DA:81,2
DA:84,1
DA:85,3
DA:86,3
DA:87,2
DA:88,2
DA:89,2
DA:91,1
DA:92,1
DA:96,1
DA:97,5
DA:98,5
DA:99,4
DA:100,3
DA:102,2
DA:103,2
DA:104,2
DA:107,1
DA:108,4
DA:110,2
DA:111,2
DA:113,1
DA:114,1
DA:115,1
DA:121,1
DA:122,6
DA:123,6
DA:124,5
DA:126,4
DA:127,4
DA:128,3
DA:129,1
DA:132,2
DA:133,2
DA:134,2
DA:140,1
DA:141,6
DA:142,6
DA:143,5
DA:145,4
DA:146,4
DA:147,3
DA:148,1
DA:151,2
DA:152,2
DA:153,2
LF:79
LH:79
BRDA:34,0,0,2
BRDA:39,1,0,1
BRDA:40,2,0,1
BRDA:41,3,0,1
BRDA:46,4,0,0
BRDA:98,5,0,1
BRDA:99,6,0,1
BRDA:100,7,0,1
BRDA:108,8,0,2
BRDA:111,9,0,1
BRDA:123,10,0,1
BRDA:124,11,0,1
BRDA:127,12,0,1
BRDA:128,13,0,1
BRDA:128,14,0,3
BRDA:128,14,1,2
BRDA:142,15,0,1
BRDA:143,16,0,1
BRDA:146,17,0,1
BRDA:147,18,0,1
BRDA:147,19,0,3
BRDA:147,19,1,2
BRF:22
BRH:21
end_of_record
TN:
SF:modules/cabins/actions.ts
FN:23,createCabinAction
FN:50,updateCabinAction
FN:71,togglePublishAction
FN:92,deleteCabinAction
FNF:4
FNH:4
FNDA:5,createCabinAction
FNDA:4,updateCabinAction
FNDA:4,togglePublishAction
FNDA:5,deleteCabinAction
DA:7,1
DA:8,1
DA:14,1
DA:23,1
DA:26,5
DA:27,5
DA:28,4
DA:29,1
DA:32,3
DA:33,3
DA:34,1
DA:41,2
DA:42,2
DA:43,2
DA:44,2
DA:50,1
DA:54,4
DA:55,4
DA:57,3
DA:58,3
DA:59,2
DA:62,1
DA:63,1
DA:64,1
DA:65,1
DA:71,1
DA:75,4
DA:76,4
DA:78,3
DA:79,3
DA:80,1
DA:83,2
DA:84,2
DA:85,2
DA:86,2
DA:92,1
DA:95,5
DA:96,5
DA:98,4
DA:99,4
DA:100,2
DA:103,2
DA:104,2
DA:105,2
DA:106,2
LF:45
LH:45
BRDA:27,0,0,1
BRDA:28,1,0,1
BRDA:28,2,0,4
BRDA:28,2,1,2
BRDA:33,3,0,1
BRDA:55,4,0,1
BRDA:58,5,0,2
BRDA:76,6,0,1
BRDA:79,7,0,1
BRDA:96,8,0,1
BRDA:99,9,0,2
BRF:11
BRH:11
end_of_record
TN:
SF:modules/cabins/application/cabinService.ts
FN:24,getPublishedCabins
FN:34,getAllCabins
FN:44,getOwnerCabins
FN:54,getCabinDetail
FN:57,(anonymous_4)
FN:62,(anonymous_5)
FN:68,createCabin
FN:89,editCabin
FN:106,removeCabin
FNF:9
FNH:9
FNDA:3,getPublishedCabins
FNDA:3,getAllCabins
FNDA:3,getOwnerCabins
FNDA:5,getCabinDetail
FNDA:7,(anonymous_4)
FNDA:4,(anonymous_5)
FNDA:3,createCabin
FNDA:4,editCabin
FNDA:3,removeCabin
DA:4,1
DA:5,1
DA:6,1
DA:18,1
DA:19,1
DA:20,1
DA:22,1
DA:24,1
DA:25,3
DA:26,3
DA:27,2
DA:29,1
DA:30,1
DA:34,1
DA:35,3
DA:36,3
DA:37,2
DA:39,1
DA:40,1
DA:44,1
DA:45,3
DA:46,3
DA:47,2
DA:49,1
DA:50,1
DA:54,1
DA:55,5
DA:56,5
DA:57,7
DA:58,3
DA:59,2
DA:61,2
DA:62,4
DA:63,2
DA:64,1
DA:68,1
DA:69,3
DA:70,3
DA:71,1
DA:74,2
DA:75,2
DA:76,2
DA:78,2
DA:79,2
DA:81,1
DA:82,1
DA:85,1
DA:86,1
DA:89,1
DA:94,4
DA:95,4
DA:97,3
DA:98,1
DA:101,2
DA:102,2
DA:103,2
DA:106,1
DA:107,3
DA:108,3
DA:110,2
DA:111,1
DA:114,1
DA:115,1
DA:116,1
LF:64
LH:64
BRDA:27,0,0,1
BRDA:27,0,1,1
BRDA:58,1,0,1
BRDA:58,2,0,3
BRDA:58,2,1,2
BRDA:59,3,0,2
BRDA:59,3,1,1
BRDA:63,4,0,1
BRDA:70,5,0,1
BRDA:95,6,0,1
BRDA:97,7,0,1
BRDA:97,8,0,3
BRDA:97,8,1,2
BRDA:108,9,0,1
BRDA:110,10,0,1
BRDA:110,11,0,2
BRDA:110,11,1,2
BRF:17
BRH:17
end_of_record
TN:
SF:modules/cabins/application/mockCabins.ts
FNF:0
FNH:0
DA:3,1
DA:5,1
LF:2
LH:2
BRF:0
BRH:0
end_of_record
TN:
SF:modules/users/application/userService.ts
FN:12,getProfile
FN:18,updateProfile
FNF:2
FNH:2
FNDA:2,getProfile
FNDA:5,updateProfile
DA:4,1
DA:5,1
DA:6,1
DA:8,1
DA:10,1
DA:12,1
DA:13,2
DA:14,2
DA:15,1
DA:18,1
DA:22,5
DA:23,5
DA:24,3
DA:27,2
DA:28,2
DA:29,2
LF:16
LH:16
BRDA:14,0,0,1
BRDA:23,1,0,3
BRF:2
BRH:2
end_of_record
